06-Apr-2023 13:34:05.692 INFO [main] org.apache.catalina.startup.VersionLoggerListener.log 서버 버전 이름:    Apache Tomcat/9.0.73
06-Apr-2023 13:34:05.697 INFO [main] org.apache.catalina.startup.VersionLoggerListener.log Server 빌드 시각:  Feb 27 2023 15:33:40 UTC
06-Apr-2023 13:34:05.697 INFO [main] org.apache.catalina.startup.VersionLoggerListener.log Server 버전 번호:  9.0.73.0
06-Apr-2023 13:34:05.697 INFO [main] org.apache.catalina.startup.VersionLoggerListener.log 운영체제 이름:     Windows 10
06-Apr-2023 13:34:05.699 INFO [main] org.apache.catalina.startup.VersionLoggerListener.log 운영체제 버전:     10.0
06-Apr-2023 13:34:05.700 INFO [main] org.apache.catalina.startup.VersionLoggerListener.log 아키텍처:          amd64
06-Apr-2023 13:34:05.700 INFO [main] org.apache.catalina.startup.VersionLoggerListener.log 자바 홈:           C:\Program Files\java\jdk-11
06-Apr-2023 13:34:05.700 INFO [main] org.apache.catalina.startup.VersionLoggerListener.log JVM 버전:          11+28
06-Apr-2023 13:34:05.700 INFO [main] org.apache.catalina.startup.VersionLoggerListener.log JVM 벤더:          Oracle Corporation
06-Apr-2023 13:34:05.700 INFO [main] org.apache.catalina.startup.VersionLoggerListener.log CATALINA_BASE:     C:\Users\Administrator\Documents\풀스텍과정_홍성민\4월\apache-tomcat-9.0.73
06-Apr-2023 13:34:05.701 INFO [main] org.apache.catalina.startup.VersionLoggerListener.log CATALINA_HOME:     C:\Users\Administrator\Documents\풀스텍과정_홍성민\4월\apache-tomcat-9.0.73
06-Apr-2023 13:34:05.708 INFO [main] org.apache.catalina.startup.VersionLoggerListener.log 명령 행 아규먼트:  --add-opens=java.base/java.lang=ALL-UNNAMED
06-Apr-2023 13:34:05.716 INFO [main] org.apache.catalina.startup.VersionLoggerListener.log 명령 행 아규먼트:  --add-opens=java.base/java.io=ALL-UNNAMED
06-Apr-2023 13:34:05.717 INFO [main] org.apache.catalina.startup.VersionLoggerListener.log 명령 행 아규먼트:  --add-opens=java.base/java.util=ALL-UNNAMED
06-Apr-2023 13:34:05.717 INFO [main] org.apache.catalina.startup.VersionLoggerListener.log 명령 행 아규먼트:  --add-opens=java.base/java.util.concurrent=ALL-UNNAMED
06-Apr-2023 13:34:05.718 INFO [main] org.apache.catalina.startup.VersionLoggerListener.log 명령 행 아규먼트:  --add-opens=java.rmi/sun.rmi.transport=ALL-UNNAMED
06-Apr-2023 13:34:05.718 INFO [main] org.apache.catalina.startup.VersionLoggerListener.log 명령 행 아규먼트:  -Djava.util.logging.config.file=C:\Users\Administrator\Documents\풀스텍과정_홍성민\4월\apache-tomcat-9.0.73\conf\logging.properties
06-Apr-2023 13:34:05.719 INFO [main] org.apache.catalina.startup.VersionLoggerListener.log 명령 행 아규먼트:  -Djava.util.logging.manager=org.apache.juli.ClassLoaderLogManager
06-Apr-2023 13:34:05.719 INFO [main] org.apache.catalina.startup.VersionLoggerListener.log 명령 행 아규먼트:  -Djdk.tls.ephemeralDHKeySize=2048
06-Apr-2023 13:34:05.719 INFO [main] org.apache.catalina.startup.VersionLoggerListener.log 명령 행 아규먼트:  -Djava.protocol.handler.pkgs=org.apache.catalina.webresources
06-Apr-2023 13:34:05.720 INFO [main] org.apache.catalina.startup.VersionLoggerListener.log 명령 행 아규먼트:  -Dignore.endorsed.dirs=
06-Apr-2023 13:34:05.720 INFO [main] org.apache.catalina.startup.VersionLoggerListener.log 명령 행 아규먼트:  -Dcatalina.base=C:\Users\Administrator\Documents\풀스텍과정_홍성민\4월\apache-tomcat-9.0.73
06-Apr-2023 13:34:05.720 INFO [main] org.apache.catalina.startup.VersionLoggerListener.log 명령 행 아규먼트:  -Dcatalina.home=C:\Users\Administrator\Documents\풀스텍과정_홍성민\4월\apache-tomcat-9.0.73
06-Apr-2023 13:34:05.721 INFO [main] org.apache.catalina.startup.VersionLoggerListener.log 명령 행 아규먼트:  -Djava.io.tmpdir=C:\Users\Administrator\Documents\풀스텍과정_홍성민\4월\apache-tomcat-9.0.73\temp
06-Apr-2023 13:34:05.724 INFO [main] org.apache.catalina.core.AprLifecycleListener.lifecycleEvent APR 버전 [1.7.2]을(를) 사용한, APR 기반 Apache Tomcat Native 라이브러리 [1.2.36]을(를) 로드했습니다.
06-Apr-2023 13:34:05.725 INFO [main] org.apache.catalina.core.AprLifecycleListener.lifecycleEvent APR 용량정보들: IPv6 [true], sendfile [true], accept filters [false], random [true], UDS [true].
06-Apr-2023 13:34:05.726 INFO [main] org.apache.catalina.core.AprLifecycleListener.lifecycleEvent APR/OpenSSL 설정: useAprConnector [false], useOpenSSL [true]
06-Apr-2023 13:34:05.730 INFO [main] org.apache.catalina.core.AprLifecycleListener.initializeSSL OpenSSL이 성공적으로 초기화되었습니다: [OpenSSL 1.1.1t  7 Feb 2023]
06-Apr-2023 13:34:05.983 INFO [main] org.apache.coyote.AbstractProtocol.init 프로토콜 핸들러 ["http-nio-8080"]을(를) 초기화합니다.
06-Apr-2023 13:34:06.004 INFO [main] org.apache.catalina.startup.Catalina.load [507] 밀리초 내에 서버가 초기화되었습니다.
06-Apr-2023 13:34:06.051 INFO [main] org.apache.catalina.core.StandardService.startInternal 서비스 [Catalina]을(를) 시작합니다.
06-Apr-2023 13:34:06.055 INFO [main] org.apache.catalina.core.StandardEngine.startInternal 서버 엔진을 시작합니다: [Apache Tomcat/9.0.73]
06-Apr-2023 13:34:06.064 INFO [main] org.apache.catalina.startup.HostConfig.deployDirectory 웹 애플리케이션 디렉토리 [C:\Users\Administrator\Documents\풀스텍과정_홍성민\4월\apache-tomcat-9.0.73\webapps\docs]을(를) 배치합니다.
06-Apr-2023 13:34:06.387 INFO [main] org.apache.catalina.startup.HostConfig.deployDirectory 웹 애플리케이션 디렉토리 [C:\Users\Administrator\Documents\풀스텍과정_홍성민\4월\apache-tomcat-9.0.73\webapps\docs]에 대한 배치가 [321] 밀리초에 완료되었습니다.
06-Apr-2023 13:34:06.389 INFO [main] org.apache.catalina.startup.HostConfig.deployDirectory 웹 애플리케이션 디렉토리 [C:\Users\Administrator\Documents\풀스텍과정_홍성민\4월\apache-tomcat-9.0.73\webapps\examples]을(를) 배치합니다.
06-Apr-2023 13:34:06.774 INFO [main] org.apache.catalina.startup.HostConfig.deployDirectory 웹 애플리케이션 디렉토리 [C:\Users\Administrator\Documents\풀스텍과정_홍성민\4월\apache-tomcat-9.0.73\webapps\examples]에 대한 배치가 [384] 밀리초에 완료되었습니다.
06-Apr-2023 13:34:06.775 INFO [main] org.apache.catalina.startup.HostConfig.deployDirectory 웹 애플리케이션 디렉토리 [C:\Users\Administrator\Documents\풀스텍과정_홍성민\4월\apache-tomcat-9.0.73\webapps\host-manager]을(를) 배치합니다.
06-Apr-2023 13:34:06.809 INFO [main] org.apache.catalina.startup.HostConfig.deployDirectory 웹 애플리케이션 디렉토리 [C:\Users\Administrator\Documents\풀스텍과정_홍성민\4월\apache-tomcat-9.0.73\webapps\host-manager]에 대한 배치가 [34] 밀리초에 완료되었습니다.
06-Apr-2023 13:34:06.811 INFO [main] org.apache.catalina.startup.HostConfig.deployDirectory 웹 애플리케이션 디렉토리 [C:\Users\Administrator\Documents\풀스텍과정_홍성민\4월\apache-tomcat-9.0.73\webapps\manager]을(를) 배치합니다.
06-Apr-2023 13:34:06.841 INFO [main] org.apache.catalina.startup.HostConfig.deployDirectory 웹 애플리케이션 디렉토리 [C:\Users\Administrator\Documents\풀스텍과정_홍성민\4월\apache-tomcat-9.0.73\webapps\manager]에 대한 배치가 [31] 밀리초에 완료되었습니다.
06-Apr-2023 13:34:06.842 INFO [main] org.apache.catalina.startup.HostConfig.deployDirectory 웹 애플리케이션 디렉토리 [C:\Users\Administrator\Documents\풀스텍과정_홍성민\4월\apache-tomcat-9.0.73\webapps\ROOT]을(를) 배치합니다.
06-Apr-2023 13:34:06.866 INFO [main] org.apache.catalina.startup.HostConfig.deployDirectory 웹 애플리케이션 디렉토리 [C:\Users\Administrator\Documents\풀스텍과정_홍성민\4월\apache-tomcat-9.0.73\webapps\ROOT]에 대한 배치가 [24] 밀리초에 완료되었습니다.
06-Apr-2023 13:34:06.871 INFO [main] org.apache.coyote.AbstractProtocol.start 프로토콜 핸들러 ["http-nio-8080"]을(를) 시작합니다.
06-Apr-2023 13:34:06.909 INFO [main] org.apache.catalina.startup.Catalina.start 서버가 [904] 밀리초 내에 시작되었습니다.
