04-May-2023 12:10:52.891 INFO [main] org.apache.catalina.startup.VersionLoggerListener.log 서버 버전 이름:    Apache Tomcat/9.0.73
04-May-2023 12:10:52.895 INFO [main] org.apache.catalina.startup.VersionLoggerListener.log Server 빌드 시각:  Feb 27 2023 15:33:40 UTC
04-May-2023 12:10:52.895 INFO [main] org.apache.catalina.startup.VersionLoggerListener.log Server 버전 번호:  9.0.73.0
04-May-2023 12:10:52.895 INFO [main] org.apache.catalina.startup.VersionLoggerListener.log 운영체제 이름:     Windows 10
04-May-2023 12:10:52.896 INFO [main] org.apache.catalina.startup.VersionLoggerListener.log 운영체제 버전:     10.0
04-May-2023 12:10:52.896 INFO [main] org.apache.catalina.startup.VersionLoggerListener.log 아키텍처:          amd64
04-May-2023 12:10:52.896 INFO [main] org.apache.catalina.startup.VersionLoggerListener.log 자바 홈:           C:\Program Files\java\jdk-11
04-May-2023 12:10:52.896 INFO [main] org.apache.catalina.startup.VersionLoggerListener.log JVM 버전:          11+28
04-May-2023 12:10:52.897 INFO [main] org.apache.catalina.startup.VersionLoggerListener.log JVM 벤더:          Oracle Corporation
04-May-2023 12:10:52.897 INFO [main] org.apache.catalina.startup.VersionLoggerListener.log CATALINA_BASE:     C:\Users\Administrator\Documents\풀스텍과정_홍성민\apache-tomcat-9.0.73
04-May-2023 12:10:52.898 INFO [main] org.apache.catalina.startup.VersionLoggerListener.log CATALINA_HOME:     C:\Users\Administrator\Documents\풀스텍과정_홍성민\apache-tomcat-9.0.73
04-May-2023 12:10:52.924 INFO [main] org.apache.catalina.startup.VersionLoggerListener.log 명령 행 아규먼트:  --add-opens=java.base/java.lang=ALL-UNNAMED
04-May-2023 12:10:52.926 INFO [main] org.apache.catalina.startup.VersionLoggerListener.log 명령 행 아규먼트:  --add-opens=java.base/java.io=ALL-UNNAMED
04-May-2023 12:10:52.926 INFO [main] org.apache.catalina.startup.VersionLoggerListener.log 명령 행 아규먼트:  --add-opens=java.base/java.util=ALL-UNNAMED
04-May-2023 12:10:52.927 INFO [main] org.apache.catalina.startup.VersionLoggerListener.log 명령 행 아규먼트:  --add-opens=java.base/java.util.concurrent=ALL-UNNAMED
04-May-2023 12:10:52.928 INFO [main] org.apache.catalina.startup.VersionLoggerListener.log 명령 행 아규먼트:  --add-opens=java.rmi/sun.rmi.transport=ALL-UNNAMED
04-May-2023 12:10:52.928 INFO [main] org.apache.catalina.startup.VersionLoggerListener.log 명령 행 아규먼트:  -Djava.util.logging.config.file=C:\Users\Administrator\Documents\풀스텍과정_홍성민\apache-tomcat-9.0.73\conf\logging.properties
04-May-2023 12:10:52.929 INFO [main] org.apache.catalina.startup.VersionLoggerListener.log 명령 행 아규먼트:  -Djava.util.logging.manager=org.apache.juli.ClassLoaderLogManager
04-May-2023 12:10:52.930 INFO [main] org.apache.catalina.startup.VersionLoggerListener.log 명령 행 아규먼트:  -Djdk.tls.ephemeralDHKeySize=2048
04-May-2023 12:10:52.931 INFO [main] org.apache.catalina.startup.VersionLoggerListener.log 명령 행 아규먼트:  -Djava.protocol.handler.pkgs=org.apache.catalina.webresources
04-May-2023 12:10:52.931 INFO [main] org.apache.catalina.startup.VersionLoggerListener.log 명령 행 아규먼트:  -Dignore.endorsed.dirs=
04-May-2023 12:10:52.932 INFO [main] org.apache.catalina.startup.VersionLoggerListener.log 명령 행 아규먼트:  -Dcatalina.base=C:\Users\Administrator\Documents\풀스텍과정_홍성민\apache-tomcat-9.0.73
04-May-2023 12:10:52.934 INFO [main] org.apache.catalina.startup.VersionLoggerListener.log 명령 행 아규먼트:  -Dcatalina.home=C:\Users\Administrator\Documents\풀스텍과정_홍성민\apache-tomcat-9.0.73
04-May-2023 12:10:52.934 INFO [main] org.apache.catalina.startup.VersionLoggerListener.log 명령 행 아규먼트:  -Djava.io.tmpdir=C:\Users\Administrator\Documents\풀스텍과정_홍성민\apache-tomcat-9.0.73\temp
04-May-2023 12:10:52.976 INFO [main] org.apache.catalina.core.AprLifecycleListener.lifecycleEvent APR 버전 [1.7.2]을(를) 사용한, APR 기반 Apache Tomcat Native 라이브러리 [1.2.36]을(를) 로드했습니다.
04-May-2023 12:10:52.978 INFO [main] org.apache.catalina.core.AprLifecycleListener.lifecycleEvent APR 용량정보들: IPv6 [true], sendfile [true], accept filters [false], random [true], UDS [true].
04-May-2023 12:10:52.978 INFO [main] org.apache.catalina.core.AprLifecycleListener.lifecycleEvent APR/OpenSSL 설정: useAprConnector [false], useOpenSSL [true]
04-May-2023 12:10:52.984 INFO [main] org.apache.catalina.core.AprLifecycleListener.initializeSSL OpenSSL이 성공적으로 초기화되었습니다: [OpenSSL 1.1.1t  7 Feb 2023]
04-May-2023 12:10:53.266 INFO [main] org.apache.coyote.AbstractProtocol.init 프로토콜 핸들러 ["http-nio-8080"]을(를) 초기화합니다.
04-May-2023 12:10:53.290 INFO [main] org.apache.catalina.startup.Catalina.load [639] 밀리초 내에 서버가 초기화되었습니다.
04-May-2023 12:10:53.343 INFO [main] org.apache.catalina.core.StandardService.startInternal 서비스 [Catalina]을(를) 시작합니다.
04-May-2023 12:10:53.346 INFO [main] org.apache.catalina.core.StandardEngine.startInternal 서버 엔진을 시작합니다: [Apache Tomcat/9.0.73]
04-May-2023 12:10:53.357 INFO [main] org.apache.catalina.startup.HostConfig.deployDirectory 웹 애플리케이션 디렉토리 [C:\Users\Administrator\Documents\풀스텍과정_홍성민\apache-tomcat-9.0.73\webapps\docs]을(를) 배치합니다.
04-May-2023 12:10:53.802 INFO [main] org.apache.catalina.startup.HostConfig.deployDirectory 웹 애플리케이션 디렉토리 [C:\Users\Administrator\Documents\풀스텍과정_홍성민\apache-tomcat-9.0.73\webapps\docs]에 대한 배치가 [443] 밀리초에 완료되었습니다.
04-May-2023 12:10:53.804 INFO [main] org.apache.catalina.startup.HostConfig.deployDirectory 웹 애플리케이션 디렉토리 [C:\Users\Administrator\Documents\풀스텍과정_홍성민\apache-tomcat-9.0.73\webapps\examples]을(를) 배치합니다.
04-May-2023 12:10:54.558 INFO [main] org.apache.catalina.startup.HostConfig.deployDirectory 웹 애플리케이션 디렉토리 [C:\Users\Administrator\Documents\풀스텍과정_홍성민\apache-tomcat-9.0.73\webapps\examples]에 대한 배치가 [754] 밀리초에 완료되었습니다.
04-May-2023 12:10:54.559 INFO [main] org.apache.catalina.startup.HostConfig.deployDirectory 웹 애플리케이션 디렉토리 [C:\Users\Administrator\Documents\풀스텍과정_홍성민\apache-tomcat-9.0.73\webapps\host-manager]을(를) 배치합니다.
04-May-2023 12:10:54.603 INFO [main] org.apache.catalina.startup.HostConfig.deployDirectory 웹 애플리케이션 디렉토리 [C:\Users\Administrator\Documents\풀스텍과정_홍성민\apache-tomcat-9.0.73\webapps\host-manager]에 대한 배치가 [44] 밀리초에 완료되었습니다.
04-May-2023 12:10:54.604 INFO [main] org.apache.catalina.startup.HostConfig.deployDirectory 웹 애플리케이션 디렉토리 [C:\Users\Administrator\Documents\풀스텍과정_홍성민\apache-tomcat-9.0.73\webapps\manager]을(를) 배치합니다.
04-May-2023 12:10:54.641 INFO [main] org.apache.catalina.startup.HostConfig.deployDirectory 웹 애플리케이션 디렉토리 [C:\Users\Administrator\Documents\풀스텍과정_홍성민\apache-tomcat-9.0.73\webapps\manager]에 대한 배치가 [37] 밀리초에 완료되었습니다.
04-May-2023 12:10:54.642 INFO [main] org.apache.catalina.startup.HostConfig.deployDirectory 웹 애플리케이션 디렉토리 [C:\Users\Administrator\Documents\풀스텍과정_홍성민\apache-tomcat-9.0.73\webapps\ROOT]을(를) 배치합니다.
04-May-2023 12:10:55.466 INFO [main] org.apache.jasper.servlet.TldScanner.scanJars 적어도 하나의 JAR가 TLD들을 찾기 위해 스캔되었으나 아무 것도 찾지 못했습니다. 스캔했으나 TLD가 없는 JAR들의 전체 목록을 보시려면, 로그 레벨을 디버그 레벨로 설정하십시오. 스캔 과정에서 불필요한 JAR들을 건너뛰면, 시스템 시작 시간과 JSP 컴파일 시간을 단축시킬 수 있습니다.
04-May-2023 12:10:55.501 INFO [main] org.apache.catalina.startup.HostConfig.deployDirectory 웹 애플리케이션 디렉토리 [C:\Users\Administrator\Documents\풀스텍과정_홍성민\apache-tomcat-9.0.73\webapps\ROOT]에 대한 배치가 [859] 밀리초에 완료되었습니다.
04-May-2023 12:10:55.505 INFO [main] org.apache.coyote.AbstractProtocol.start 프로토콜 핸들러 ["http-nio-8080"]을(를) 시작합니다.
04-May-2023 12:10:55.593 INFO [main] org.apache.catalina.startup.Catalina.start 서버가 [2301] 밀리초 내에 시작되었습니다.
04-May-2023 16:53:58.286 INFO [main] org.apache.catalina.startup.VersionLoggerListener.log 서버 버전 이름:    Apache Tomcat/9.0.73
04-May-2023 16:53:58.286 INFO [main] org.apache.catalina.startup.VersionLoggerListener.log Server 빌드 시각:  Feb 27 2023 15:33:40 UTC
04-May-2023 16:53:58.286 INFO [main] org.apache.catalina.startup.VersionLoggerListener.log Server 버전 번호:  9.0.73.0
04-May-2023 16:53:58.286 INFO [main] org.apache.catalina.startup.VersionLoggerListener.log 운영체제 이름:     Windows 10
04-May-2023 16:53:58.286 INFO [main] org.apache.catalina.startup.VersionLoggerListener.log 운영체제 버전:     10.0
04-May-2023 16:53:58.286 INFO [main] org.apache.catalina.startup.VersionLoggerListener.log 아키텍처:          amd64
04-May-2023 16:53:58.286 INFO [main] org.apache.catalina.startup.VersionLoggerListener.log 자바 홈:           C:\Program Files\java\jdk-11
04-May-2023 16:53:58.286 INFO [main] org.apache.catalina.startup.VersionLoggerListener.log JVM 버전:          11+28
04-May-2023 16:53:58.286 INFO [main] org.apache.catalina.startup.VersionLoggerListener.log JVM 벤더:          Oracle Corporation
04-May-2023 16:53:58.286 INFO [main] org.apache.catalina.startup.VersionLoggerListener.log CATALINA_BASE:     C:\Users\Administrator\Documents\풀스텍과정_홍성민\apache-tomcat-9.0.73
04-May-2023 16:53:58.286 INFO [main] org.apache.catalina.startup.VersionLoggerListener.log CATALINA_HOME:     C:\Users\Administrator\Documents\풀스텍과정_홍성민\apache-tomcat-9.0.73
04-May-2023 16:53:58.302 INFO [main] org.apache.catalina.startup.VersionLoggerListener.log 명령 행 아규먼트:  --add-opens=java.base/java.lang=ALL-UNNAMED
04-May-2023 16:53:58.302 INFO [main] org.apache.catalina.startup.VersionLoggerListener.log 명령 행 아규먼트:  --add-opens=java.base/java.io=ALL-UNNAMED
04-May-2023 16:53:58.302 INFO [main] org.apache.catalina.startup.VersionLoggerListener.log 명령 행 아규먼트:  --add-opens=java.base/java.util=ALL-UNNAMED
04-May-2023 16:53:58.302 INFO [main] org.apache.catalina.startup.VersionLoggerListener.log 명령 행 아규먼트:  --add-opens=java.base/java.util.concurrent=ALL-UNNAMED
04-May-2023 16:53:58.302 INFO [main] org.apache.catalina.startup.VersionLoggerListener.log 명령 행 아규먼트:  --add-opens=java.rmi/sun.rmi.transport=ALL-UNNAMED
04-May-2023 16:53:58.302 INFO [main] org.apache.catalina.startup.VersionLoggerListener.log 명령 행 아규먼트:  -Djava.util.logging.config.file=C:\Users\Administrator\Documents\풀스텍과정_홍성민\apache-tomcat-9.0.73\conf\logging.properties
04-May-2023 16:53:58.302 INFO [main] org.apache.catalina.startup.VersionLoggerListener.log 명령 행 아규먼트:  -Djava.util.logging.manager=org.apache.juli.ClassLoaderLogManager
04-May-2023 16:53:58.302 INFO [main] org.apache.catalina.startup.VersionLoggerListener.log 명령 행 아규먼트:  -Djdk.tls.ephemeralDHKeySize=2048
04-May-2023 16:53:58.302 INFO [main] org.apache.catalina.startup.VersionLoggerListener.log 명령 행 아규먼트:  -Djava.protocol.handler.pkgs=org.apache.catalina.webresources
04-May-2023 16:53:58.302 INFO [main] org.apache.catalina.startup.VersionLoggerListener.log 명령 행 아규먼트:  -Dignore.endorsed.dirs=
04-May-2023 16:53:58.302 INFO [main] org.apache.catalina.startup.VersionLoggerListener.log 명령 행 아규먼트:  -Dcatalina.base=C:\Users\Administrator\Documents\풀스텍과정_홍성민\apache-tomcat-9.0.73
04-May-2023 16:53:58.302 INFO [main] org.apache.catalina.startup.VersionLoggerListener.log 명령 행 아규먼트:  -Dcatalina.home=C:\Users\Administrator\Documents\풀스텍과정_홍성민\apache-tomcat-9.0.73
04-May-2023 16:53:58.302 INFO [main] org.apache.catalina.startup.VersionLoggerListener.log 명령 행 아규먼트:  -Djava.io.tmpdir=C:\Users\Administrator\Documents\풀스텍과정_홍성민\apache-tomcat-9.0.73\temp
04-May-2023 16:53:58.317 INFO [main] org.apache.catalina.core.AprLifecycleListener.lifecycleEvent APR 버전 [1.7.2]을(를) 사용한, APR 기반 Apache Tomcat Native 라이브러리 [1.2.36]을(를) 로드했습니다.
04-May-2023 16:53:58.317 INFO [main] org.apache.catalina.core.AprLifecycleListener.lifecycleEvent APR 용량정보들: IPv6 [true], sendfile [true], accept filters [false], random [true], UDS [true].
04-May-2023 16:53:58.317 INFO [main] org.apache.catalina.core.AprLifecycleListener.lifecycleEvent APR/OpenSSL 설정: useAprConnector [false], useOpenSSL [true]
04-May-2023 16:53:58.317 INFO [main] org.apache.catalina.core.AprLifecycleListener.initializeSSL OpenSSL이 성공적으로 초기화되었습니다: [OpenSSL 1.1.1t  7 Feb 2023]
04-May-2023 16:53:58.583 INFO [main] org.apache.coyote.AbstractProtocol.init 프로토콜 핸들러 ["http-nio-8080"]을(를) 초기화합니다.
04-May-2023 16:53:58.598 INFO [main] org.apache.catalina.startup.Catalina.load [533] 밀리초 내에 서버가 초기화되었습니다.
04-May-2023 16:53:58.645 INFO [main] org.apache.catalina.core.StandardService.startInternal 서비스 [Catalina]을(를) 시작합니다.
04-May-2023 16:53:58.645 INFO [main] org.apache.catalina.core.StandardEngine.startInternal 서버 엔진을 시작합니다: [Apache Tomcat/9.0.73]
04-May-2023 16:53:58.661 INFO [main] org.apache.catalina.startup.HostConfig.deployDirectory 웹 애플리케이션 디렉토리 [C:\Users\Administrator\Documents\풀스텍과정_홍성민\apache-tomcat-9.0.73\webapps\docs]을(를) 배치합니다.
04-May-2023 16:53:59.055 WARNING [main] org.apache.catalina.util.SessionIdGeneratorBase.createSecureRandom [SHA1PRNG] 알고리즘을 사용하여, 세션 ID를 생성하기 위한 SecureRandom 객체를 생성하는데, [103] 밀리초가 소요됐습니다.
04-May-2023 16:53:59.079 INFO [main] org.apache.catalina.startup.HostConfig.deployDirectory 웹 애플리케이션 디렉토리 [C:\Users\Administrator\Documents\풀스텍과정_홍성민\apache-tomcat-9.0.73\webapps\docs]에 대한 배치가 [418] 밀리초에 완료되었습니다.
04-May-2023 16:53:59.084 INFO [main] org.apache.catalina.startup.HostConfig.deployDirectory 웹 애플리케이션 디렉토리 [C:\Users\Administrator\Documents\풀스텍과정_홍성민\apache-tomcat-9.0.73\webapps\examples]을(를) 배치합니다.
04-May-2023 16:53:59.675 INFO [main] org.apache.catalina.startup.HostConfig.deployDirectory 웹 애플리케이션 디렉토리 [C:\Users\Administrator\Documents\풀스텍과정_홍성민\apache-tomcat-9.0.73\webapps\examples]에 대한 배치가 [592] 밀리초에 완료되었습니다.
04-May-2023 16:53:59.676 INFO [main] org.apache.catalina.startup.HostConfig.deployDirectory 웹 애플리케이션 디렉토리 [C:\Users\Administrator\Documents\풀스텍과정_홍성민\apache-tomcat-9.0.73\webapps\host-manager]을(를) 배치합니다.
04-May-2023 16:53:59.721 INFO [main] org.apache.catalina.startup.HostConfig.deployDirectory 웹 애플리케이션 디렉토리 [C:\Users\Administrator\Documents\풀스텍과정_홍성민\apache-tomcat-9.0.73\webapps\host-manager]에 대한 배치가 [45] 밀리초에 완료되었습니다.
04-May-2023 16:53:59.722 INFO [main] org.apache.catalina.startup.HostConfig.deployDirectory 웹 애플리케이션 디렉토리 [C:\Users\Administrator\Documents\풀스텍과정_홍성민\apache-tomcat-9.0.73\webapps\manager]을(를) 배치합니다.
04-May-2023 16:53:59.764 INFO [main] org.apache.catalina.startup.HostConfig.deployDirectory 웹 애플리케이션 디렉토리 [C:\Users\Administrator\Documents\풀스텍과정_홍성민\apache-tomcat-9.0.73\webapps\manager]에 대한 배치가 [42] 밀리초에 완료되었습니다.
04-May-2023 16:53:59.766 INFO [main] org.apache.catalina.startup.HostConfig.deployDirectory 웹 애플리케이션 디렉토리 [C:\Users\Administrator\Documents\풀스텍과정_홍성민\apache-tomcat-9.0.73\webapps\ROOT]을(를) 배치합니다.
04-May-2023 16:54:00.531 INFO [main] org.apache.jasper.servlet.TldScanner.scanJars 적어도 하나의 JAR가 TLD들을 찾기 위해 스캔되었으나 아무 것도 찾지 못했습니다. 스캔했으나 TLD가 없는 JAR들의 전체 목록을 보시려면, 로그 레벨을 디버그 레벨로 설정하십시오. 스캔 과정에서 불필요한 JAR들을 건너뛰면, 시스템 시작 시간과 JSP 컴파일 시간을 단축시킬 수 있습니다.
04-May-2023 16:54:00.590 INFO [main] org.apache.catalina.startup.HostConfig.deployDirectory 웹 애플리케이션 디렉토리 [C:\Users\Administrator\Documents\풀스텍과정_홍성민\apache-tomcat-9.0.73\webapps\ROOT]에 대한 배치가 [824] 밀리초에 완료되었습니다.
04-May-2023 16:54:00.595 INFO [main] org.apache.coyote.AbstractProtocol.start 프로토콜 핸들러 ["http-nio-8080"]을(를) 시작합니다.
04-May-2023 16:54:00.713 INFO [main] org.apache.catalina.startup.Catalina.start 서버가 [2106] 밀리초 내에 시작되었습니다.
04-May-2023 17:02:34.464 INFO [main] org.apache.catalina.startup.VersionLoggerListener.log 서버 버전 이름:    Apache Tomcat/9.0.73
04-May-2023 17:02:34.464 INFO [main] org.apache.catalina.startup.VersionLoggerListener.log Server 빌드 시각:  Feb 27 2023 15:33:40 UTC
04-May-2023 17:02:34.464 INFO [main] org.apache.catalina.startup.VersionLoggerListener.log Server 버전 번호:  9.0.73.0
04-May-2023 17:02:34.464 INFO [main] org.apache.catalina.startup.VersionLoggerListener.log 운영체제 이름:     Windows 10
04-May-2023 17:02:34.464 INFO [main] org.apache.catalina.startup.VersionLoggerListener.log 운영체제 버전:     10.0
04-May-2023 17:02:34.464 INFO [main] org.apache.catalina.startup.VersionLoggerListener.log 아키텍처:          amd64
04-May-2023 17:02:34.464 INFO [main] org.apache.catalina.startup.VersionLoggerListener.log 자바 홈:           C:\Program Files\java\jdk-11
04-May-2023 17:02:34.464 INFO [main] org.apache.catalina.startup.VersionLoggerListener.log JVM 버전:          11+28
04-May-2023 17:02:34.464 INFO [main] org.apache.catalina.startup.VersionLoggerListener.log JVM 벤더:          Oracle Corporation
04-May-2023 17:02:34.464 INFO [main] org.apache.catalina.startup.VersionLoggerListener.log CATALINA_BASE:     C:\Users\Administrator\Documents\풀스텍과정_홍성민\apache-tomcat-9.0.73
04-May-2023 17:02:34.464 INFO [main] org.apache.catalina.startup.VersionLoggerListener.log CATALINA_HOME:     C:\Users\Administrator\Documents\풀스텍과정_홍성민\apache-tomcat-9.0.73
04-May-2023 17:02:34.479 INFO [main] org.apache.catalina.startup.VersionLoggerListener.log 명령 행 아규먼트:  --add-opens=java.base/java.lang=ALL-UNNAMED
04-May-2023 17:02:34.479 INFO [main] org.apache.catalina.startup.VersionLoggerListener.log 명령 행 아규먼트:  --add-opens=java.base/java.io=ALL-UNNAMED
04-May-2023 17:02:34.479 INFO [main] org.apache.catalina.startup.VersionLoggerListener.log 명령 행 아규먼트:  --add-opens=java.base/java.util=ALL-UNNAMED
04-May-2023 17:02:34.479 INFO [main] org.apache.catalina.startup.VersionLoggerListener.log 명령 행 아규먼트:  --add-opens=java.base/java.util.concurrent=ALL-UNNAMED
04-May-2023 17:02:34.479 INFO [main] org.apache.catalina.startup.VersionLoggerListener.log 명령 행 아규먼트:  --add-opens=java.rmi/sun.rmi.transport=ALL-UNNAMED
04-May-2023 17:02:34.479 INFO [main] org.apache.catalina.startup.VersionLoggerListener.log 명령 행 아규먼트:  -Djava.util.logging.config.file=C:\Users\Administrator\Documents\풀스텍과정_홍성민\apache-tomcat-9.0.73\conf\logging.properties
04-May-2023 17:02:34.479 INFO [main] org.apache.catalina.startup.VersionLoggerListener.log 명령 행 아규먼트:  -Djava.util.logging.manager=org.apache.juli.ClassLoaderLogManager
04-May-2023 17:02:34.479 INFO [main] org.apache.catalina.startup.VersionLoggerListener.log 명령 행 아규먼트:  -Djdk.tls.ephemeralDHKeySize=2048
04-May-2023 17:02:34.479 INFO [main] org.apache.catalina.startup.VersionLoggerListener.log 명령 행 아규먼트:  -Djava.protocol.handler.pkgs=org.apache.catalina.webresources
04-May-2023 17:02:34.479 INFO [main] org.apache.catalina.startup.VersionLoggerListener.log 명령 행 아규먼트:  -Dignore.endorsed.dirs=
04-May-2023 17:02:34.479 INFO [main] org.apache.catalina.startup.VersionLoggerListener.log 명령 행 아규먼트:  -Dcatalina.base=C:\Users\Administrator\Documents\풀스텍과정_홍성민\apache-tomcat-9.0.73
04-May-2023 17:02:34.479 INFO [main] org.apache.catalina.startup.VersionLoggerListener.log 명령 행 아규먼트:  -Dcatalina.home=C:\Users\Administrator\Documents\풀스텍과정_홍성민\apache-tomcat-9.0.73
04-May-2023 17:02:34.479 INFO [main] org.apache.catalina.startup.VersionLoggerListener.log 명령 행 아규먼트:  -Djava.io.tmpdir=C:\Users\Administrator\Documents\풀스텍과정_홍성민\apache-tomcat-9.0.73\temp
04-May-2023 17:02:34.479 INFO [main] org.apache.catalina.core.AprLifecycleListener.lifecycleEvent APR 버전 [1.7.2]을(를) 사용한, APR 기반 Apache Tomcat Native 라이브러리 [1.2.36]을(를) 로드했습니다.
04-May-2023 17:02:34.479 INFO [main] org.apache.catalina.core.AprLifecycleListener.lifecycleEvent APR 용량정보들: IPv6 [true], sendfile [true], accept filters [false], random [true], UDS [true].
04-May-2023 17:02:34.479 INFO [main] org.apache.catalina.core.AprLifecycleListener.lifecycleEvent APR/OpenSSL 설정: useAprConnector [false], useOpenSSL [true]
04-May-2023 17:02:34.495 INFO [main] org.apache.catalina.core.AprLifecycleListener.initializeSSL OpenSSL이 성공적으로 초기화되었습니다: [OpenSSL 1.1.1t  7 Feb 2023]
04-May-2023 17:02:34.776 INFO [main] org.apache.coyote.AbstractProtocol.init 프로토콜 핸들러 ["http-nio-8080"]을(를) 초기화합니다.
04-May-2023 17:02:34.792 INFO [main] org.apache.catalina.startup.Catalina.load [559] 밀리초 내에 서버가 초기화되었습니다.
04-May-2023 17:02:34.854 INFO [main] org.apache.catalina.core.StandardService.startInternal 서비스 [Catalina]을(를) 시작합니다.
04-May-2023 17:02:34.854 INFO [main] org.apache.catalina.core.StandardEngine.startInternal 서버 엔진을 시작합니다: [Apache Tomcat/9.0.73]
04-May-2023 17:02:34.854 INFO [main] org.apache.catalina.startup.HostConfig.deployDirectory 웹 애플리케이션 디렉토리 [C:\Users\Administrator\Documents\풀스텍과정_홍성민\apache-tomcat-9.0.73\webapps\docs]을(를) 배치합니다.
04-May-2023 17:02:35.214 INFO [main] org.apache.catalina.startup.HostConfig.deployDirectory 웹 애플리케이션 디렉토리 [C:\Users\Administrator\Documents\풀스텍과정_홍성민\apache-tomcat-9.0.73\webapps\docs]에 대한 배치가 [360] 밀리초에 완료되었습니다.
04-May-2023 17:02:35.214 INFO [main] org.apache.catalina.startup.HostConfig.deployDirectory 웹 애플리케이션 디렉토리 [C:\Users\Administrator\Documents\풀스텍과정_홍성민\apache-tomcat-9.0.73\webapps\examples]을(를) 배치합니다.
04-May-2023 17:02:35.711 INFO [main] org.apache.catalina.startup.HostConfig.deployDirectory 웹 애플리케이션 디렉토리 [C:\Users\Administrator\Documents\풀스텍과정_홍성민\apache-tomcat-9.0.73\webapps\examples]에 대한 배치가 [497] 밀리초에 완료되었습니다.
04-May-2023 17:02:35.711 INFO [main] org.apache.catalina.startup.HostConfig.deployDirectory 웹 애플리케이션 디렉토리 [C:\Users\Administrator\Documents\풀스텍과정_홍성민\apache-tomcat-9.0.73\webapps\host-manager]을(를) 배치합니다.
04-May-2023 17:02:35.742 INFO [main] org.apache.catalina.startup.HostConfig.deployDirectory 웹 애플리케이션 디렉토리 [C:\Users\Administrator\Documents\풀스텍과정_홍성민\apache-tomcat-9.0.73\webapps\host-manager]에 대한 배치가 [31] 밀리초에 완료되었습니다.
04-May-2023 17:02:35.742 INFO [main] org.apache.catalina.startup.HostConfig.deployDirectory 웹 애플리케이션 디렉토리 [C:\Users\Administrator\Documents\풀스텍과정_홍성민\apache-tomcat-9.0.73\webapps\manager]을(를) 배치합니다.
04-May-2023 17:02:35.773 INFO [main] org.apache.catalina.startup.HostConfig.deployDirectory 웹 애플리케이션 디렉토리 [C:\Users\Administrator\Documents\풀스텍과정_홍성민\apache-tomcat-9.0.73\webapps\manager]에 대한 배치가 [31] 밀리초에 완료되었습니다.
04-May-2023 17:02:35.773 INFO [main] org.apache.catalina.startup.HostConfig.deployDirectory 웹 애플리케이션 디렉토리 [C:\Users\Administrator\Documents\풀스텍과정_홍성민\apache-tomcat-9.0.73\webapps\ROOT]을(를) 배치합니다.
04-May-2023 17:02:36.432 INFO [main] org.apache.jasper.servlet.TldScanner.scanJars 적어도 하나의 JAR가 TLD들을 찾기 위해 스캔되었으나 아무 것도 찾지 못했습니다. 스캔했으나 TLD가 없는 JAR들의 전체 목록을 보시려면, 로그 레벨을 디버그 레벨로 설정하십시오. 스캔 과정에서 불필요한 JAR들을 건너뛰면, 시스템 시작 시간과 JSP 컴파일 시간을 단축시킬 수 있습니다.
04-May-2023 17:02:36.479 INFO [main] org.apache.catalina.startup.HostConfig.deployDirectory 웹 애플리케이션 디렉토리 [C:\Users\Administrator\Documents\풀스텍과정_홍성민\apache-tomcat-9.0.73\webapps\ROOT]에 대한 배치가 [706] 밀리초에 완료되었습니다.
04-May-2023 17:02:36.479 INFO [main] org.apache.coyote.AbstractProtocol.start 프로토콜 핸들러 ["http-nio-8080"]을(를) 시작합니다.
04-May-2023 17:02:36.571 INFO [main] org.apache.catalina.startup.Catalina.start 서버가 [1766] 밀리초 내에 시작되었습니다.
04-May-2023 18:00:42.269 INFO [main] org.apache.catalina.startup.VersionLoggerListener.log 서버 버전 이름:    Apache Tomcat/9.0.73
04-May-2023 18:00:42.269 INFO [main] org.apache.catalina.startup.VersionLoggerListener.log Server 빌드 시각:  Feb 27 2023 15:33:40 UTC
04-May-2023 18:00:42.269 INFO [main] org.apache.catalina.startup.VersionLoggerListener.log Server 버전 번호:  9.0.73.0
04-May-2023 18:00:42.269 INFO [main] org.apache.catalina.startup.VersionLoggerListener.log 운영체제 이름:     Windows 10
04-May-2023 18:00:42.269 INFO [main] org.apache.catalina.startup.VersionLoggerListener.log 운영체제 버전:     10.0
04-May-2023 18:00:42.269 INFO [main] org.apache.catalina.startup.VersionLoggerListener.log 아키텍처:          amd64
04-May-2023 18:00:42.269 INFO [main] org.apache.catalina.startup.VersionLoggerListener.log 자바 홈:           C:\Program Files\java\jdk-11
04-May-2023 18:00:42.269 INFO [main] org.apache.catalina.startup.VersionLoggerListener.log JVM 버전:          11+28
04-May-2023 18:00:42.269 INFO [main] org.apache.catalina.startup.VersionLoggerListener.log JVM 벤더:          Oracle Corporation
04-May-2023 18:00:42.269 INFO [main] org.apache.catalina.startup.VersionLoggerListener.log CATALINA_BASE:     C:\Users\Administrator\Documents\풀스텍과정_홍성민\apache-tomcat-9.0.73
04-May-2023 18:00:42.269 INFO [main] org.apache.catalina.startup.VersionLoggerListener.log CATALINA_HOME:     C:\Users\Administrator\Documents\풀스텍과정_홍성민\apache-tomcat-9.0.73
04-May-2023 18:00:42.285 INFO [main] org.apache.catalina.startup.VersionLoggerListener.log 명령 행 아규먼트:  --add-opens=java.base/java.lang=ALL-UNNAMED
04-May-2023 18:00:42.285 INFO [main] org.apache.catalina.startup.VersionLoggerListener.log 명령 행 아규먼트:  --add-opens=java.base/java.io=ALL-UNNAMED
04-May-2023 18:00:42.285 INFO [main] org.apache.catalina.startup.VersionLoggerListener.log 명령 행 아규먼트:  --add-opens=java.base/java.util=ALL-UNNAMED
04-May-2023 18:00:42.285 INFO [main] org.apache.catalina.startup.VersionLoggerListener.log 명령 행 아규먼트:  --add-opens=java.base/java.util.concurrent=ALL-UNNAMED
04-May-2023 18:00:42.285 INFO [main] org.apache.catalina.startup.VersionLoggerListener.log 명령 행 아규먼트:  --add-opens=java.rmi/sun.rmi.transport=ALL-UNNAMED
04-May-2023 18:00:42.285 INFO [main] org.apache.catalina.startup.VersionLoggerListener.log 명령 행 아규먼트:  -Djava.util.logging.config.file=C:\Users\Administrator\Documents\풀스텍과정_홍성민\apache-tomcat-9.0.73\conf\logging.properties
04-May-2023 18:00:42.285 INFO [main] org.apache.catalina.startup.VersionLoggerListener.log 명령 행 아규먼트:  -Djava.util.logging.manager=org.apache.juli.ClassLoaderLogManager
04-May-2023 18:00:42.285 INFO [main] org.apache.catalina.startup.VersionLoggerListener.log 명령 행 아규먼트:  -Djdk.tls.ephemeralDHKeySize=2048
04-May-2023 18:00:42.285 INFO [main] org.apache.catalina.startup.VersionLoggerListener.log 명령 행 아규먼트:  -Djava.protocol.handler.pkgs=org.apache.catalina.webresources
04-May-2023 18:00:42.285 INFO [main] org.apache.catalina.startup.VersionLoggerListener.log 명령 행 아규먼트:  -Dignore.endorsed.dirs=
04-May-2023 18:00:42.285 INFO [main] org.apache.catalina.startup.VersionLoggerListener.log 명령 행 아규먼트:  -Dcatalina.base=C:\Users\Administrator\Documents\풀스텍과정_홍성민\apache-tomcat-9.0.73
04-May-2023 18:00:42.285 INFO [main] org.apache.catalina.startup.VersionLoggerListener.log 명령 행 아규먼트:  -Dcatalina.home=C:\Users\Administrator\Documents\풀스텍과정_홍성민\apache-tomcat-9.0.73
04-May-2023 18:00:42.285 INFO [main] org.apache.catalina.startup.VersionLoggerListener.log 명령 행 아규먼트:  -Djava.io.tmpdir=C:\Users\Administrator\Documents\풀스텍과정_홍성민\apache-tomcat-9.0.73\temp
04-May-2023 18:00:42.285 INFO [main] org.apache.catalina.core.AprLifecycleListener.lifecycleEvent APR 버전 [1.7.2]을(를) 사용한, APR 기반 Apache Tomcat Native 라이브러리 [1.2.36]을(를) 로드했습니다.
04-May-2023 18:00:42.285 INFO [main] org.apache.catalina.core.AprLifecycleListener.lifecycleEvent APR 용량정보들: IPv6 [true], sendfile [true], accept filters [false], random [true], UDS [true].
04-May-2023 18:00:42.285 INFO [main] org.apache.catalina.core.AprLifecycleListener.lifecycleEvent APR/OpenSSL 설정: useAprConnector [false], useOpenSSL [true]
04-May-2023 18:00:42.301 INFO [main] org.apache.catalina.core.AprLifecycleListener.initializeSSL OpenSSL이 성공적으로 초기화되었습니다: [OpenSSL 1.1.1t  7 Feb 2023]
04-May-2023 18:00:42.566 INFO [main] org.apache.coyote.AbstractProtocol.init 프로토콜 핸들러 ["http-nio-8080"]을(를) 초기화합니다.
04-May-2023 18:00:42.598 INFO [main] org.apache.catalina.startup.Catalina.load [538] 밀리초 내에 서버가 초기화되었습니다.
04-May-2023 18:00:42.660 INFO [main] org.apache.catalina.core.StandardService.startInternal 서비스 [Catalina]을(를) 시작합니다.
04-May-2023 18:00:42.660 INFO [main] org.apache.catalina.core.StandardEngine.startInternal 서버 엔진을 시작합니다: [Apache Tomcat/9.0.73]
04-May-2023 18:00:42.660 INFO [main] org.apache.catalina.startup.HostConfig.deployDirectory 웹 애플리케이션 디렉토리 [C:\Users\Administrator\Documents\풀스텍과정_홍성민\apache-tomcat-9.0.73\webapps\docs]을(를) 배치합니다.
04-May-2023 18:00:43.184 INFO [main] org.apache.catalina.startup.HostConfig.deployDirectory 웹 애플리케이션 디렉토리 [C:\Users\Administrator\Documents\풀스텍과정_홍성민\apache-tomcat-9.0.73\webapps\docs]에 대한 배치가 [523] 밀리초에 완료되었습니다.
04-May-2023 18:00:43.185 INFO [main] org.apache.catalina.startup.HostConfig.deployDirectory 웹 애플리케이션 디렉토리 [C:\Users\Administrator\Documents\풀스텍과정_홍성민\apache-tomcat-9.0.73\webapps\examples]을(를) 배치합니다.
04-May-2023 18:00:43.662 INFO [main] org.apache.catalina.startup.HostConfig.deployDirectory 웹 애플리케이션 디렉토리 [C:\Users\Administrator\Documents\풀스텍과정_홍성민\apache-tomcat-9.0.73\webapps\examples]에 대한 배치가 [477] 밀리초에 완료되었습니다.
04-May-2023 18:00:43.663 INFO [main] org.apache.catalina.startup.HostConfig.deployDirectory 웹 애플리케이션 디렉토리 [C:\Users\Administrator\Documents\풀스텍과정_홍성민\apache-tomcat-9.0.73\webapps\host-manager]을(를) 배치합니다.
04-May-2023 18:00:43.705 INFO [main] org.apache.catalina.startup.HostConfig.deployDirectory 웹 애플리케이션 디렉토리 [C:\Users\Administrator\Documents\풀스텍과정_홍성민\apache-tomcat-9.0.73\webapps\host-manager]에 대한 배치가 [42] 밀리초에 완료되었습니다.
04-May-2023 18:00:43.706 INFO [main] org.apache.catalina.startup.HostConfig.deployDirectory 웹 애플리케이션 디렉토리 [C:\Users\Administrator\Documents\풀스텍과정_홍성민\apache-tomcat-9.0.73\webapps\manager]을(를) 배치합니다.
04-May-2023 18:00:43.749 INFO [main] org.apache.catalina.startup.HostConfig.deployDirectory 웹 애플리케이션 디렉토리 [C:\Users\Administrator\Documents\풀스텍과정_홍성민\apache-tomcat-9.0.73\webapps\manager]에 대한 배치가 [43] 밀리초에 완료되었습니다.
04-May-2023 18:00:43.751 INFO [main] org.apache.catalina.startup.HostConfig.deployDirectory 웹 애플리케이션 디렉토리 [C:\Users\Administrator\Documents\풀스텍과정_홍성민\apache-tomcat-9.0.73\webapps\ROOT]을(를) 배치합니다.
04-May-2023 18:00:44.394 INFO [main] org.apache.jasper.servlet.TldScanner.scanJars 적어도 하나의 JAR가 TLD들을 찾기 위해 스캔되었으나 아무 것도 찾지 못했습니다. 스캔했으나 TLD가 없는 JAR들의 전체 목록을 보시려면, 로그 레벨을 디버그 레벨로 설정하십시오. 스캔 과정에서 불필요한 JAR들을 건너뛰면, 시스템 시작 시간과 JSP 컴파일 시간을 단축시킬 수 있습니다.
04-May-2023 18:00:44.427 INFO [main] org.apache.catalina.startup.HostConfig.deployDirectory 웹 애플리케이션 디렉토리 [C:\Users\Administrator\Documents\풀스텍과정_홍성민\apache-tomcat-9.0.73\webapps\ROOT]에 대한 배치가 [676] 밀리초에 완료되었습니다.
04-May-2023 18:00:44.427 INFO [main] org.apache.coyote.AbstractProtocol.start 프로토콜 핸들러 ["http-nio-8080"]을(를) 시작합니다.
04-May-2023 18:00:44.526 INFO [main] org.apache.catalina.startup.Catalina.start 서버가 [1924] 밀리초 내에 시작되었습니다.
