11-May-2023 09:46:44.582 INFO [main] org.apache.catalina.startup.VersionLoggerListener.log 서버 버전 이름:    Apache Tomcat/9.0.73
11-May-2023 09:46:44.582 INFO [main] org.apache.catalina.startup.VersionLoggerListener.log Server 빌드 시각:  Feb 27 2023 15:33:40 UTC
11-May-2023 09:46:44.582 INFO [main] org.apache.catalina.startup.VersionLoggerListener.log Server 버전 번호:  9.0.73.0
11-May-2023 09:46:44.582 INFO [main] org.apache.catalina.startup.VersionLoggerListener.log 운영체제 이름:     Windows 10
11-May-2023 09:46:44.582 INFO [main] org.apache.catalina.startup.VersionLoggerListener.log 운영체제 버전:     10.0
11-May-2023 09:46:44.582 INFO [main] org.apache.catalina.startup.VersionLoggerListener.log 아키텍처:          amd64
11-May-2023 09:46:44.582 INFO [main] org.apache.catalina.startup.VersionLoggerListener.log 자바 홈:           C:\Program Files\java\jdk-11
11-May-2023 09:46:44.582 INFO [main] org.apache.catalina.startup.VersionLoggerListener.log JVM 버전:          11+28
11-May-2023 09:46:44.582 INFO [main] org.apache.catalina.startup.VersionLoggerListener.log JVM 벤더:          Oracle Corporation
11-May-2023 09:46:44.582 INFO [main] org.apache.catalina.startup.VersionLoggerListener.log CATALINA_BASE:     C:\Users\Administrator\Documents\풀스텍과정_홍성민\apache-tomcat-9.0.73
11-May-2023 09:46:44.582 INFO [main] org.apache.catalina.startup.VersionLoggerListener.log CATALINA_HOME:     C:\Users\Administrator\Documents\풀스텍과정_홍성민\apache-tomcat-9.0.73
11-May-2023 09:46:44.613 INFO [main] org.apache.catalina.startup.VersionLoggerListener.log 명령 행 아규먼트:  --add-opens=java.base/java.lang=ALL-UNNAMED
11-May-2023 09:46:44.613 INFO [main] org.apache.catalina.startup.VersionLoggerListener.log 명령 행 아규먼트:  --add-opens=java.base/java.io=ALL-UNNAMED
11-May-2023 09:46:44.613 INFO [main] org.apache.catalina.startup.VersionLoggerListener.log 명령 행 아규먼트:  --add-opens=java.base/java.util=ALL-UNNAMED
11-May-2023 09:46:44.613 INFO [main] org.apache.catalina.startup.VersionLoggerListener.log 명령 행 아규먼트:  --add-opens=java.base/java.util.concurrent=ALL-UNNAMED
11-May-2023 09:46:44.613 INFO [main] org.apache.catalina.startup.VersionLoggerListener.log 명령 행 아규먼트:  --add-opens=java.rmi/sun.rmi.transport=ALL-UNNAMED
11-May-2023 09:46:44.613 INFO [main] org.apache.catalina.startup.VersionLoggerListener.log 명령 행 아규먼트:  -Djava.util.logging.config.file=C:\Users\Administrator\Documents\풀스텍과정_홍성민\apache-tomcat-9.0.73\conf\logging.properties
11-May-2023 09:46:44.613 INFO [main] org.apache.catalina.startup.VersionLoggerListener.log 명령 행 아규먼트:  -Djava.util.logging.manager=org.apache.juli.ClassLoaderLogManager
11-May-2023 09:46:44.613 INFO [main] org.apache.catalina.startup.VersionLoggerListener.log 명령 행 아규먼트:  -Djdk.tls.ephemeralDHKeySize=2048
11-May-2023 09:46:44.613 INFO [main] org.apache.catalina.startup.VersionLoggerListener.log 명령 행 아규먼트:  -Djava.protocol.handler.pkgs=org.apache.catalina.webresources
11-May-2023 09:46:44.613 INFO [main] org.apache.catalina.startup.VersionLoggerListener.log 명령 행 아규먼트:  -Dignore.endorsed.dirs=
11-May-2023 09:46:44.613 INFO [main] org.apache.catalina.startup.VersionLoggerListener.log 명령 행 아규먼트:  -Dcatalina.base=C:\Users\Administrator\Documents\풀스텍과정_홍성민\apache-tomcat-9.0.73
11-May-2023 09:46:44.613 INFO [main] org.apache.catalina.startup.VersionLoggerListener.log 명령 행 아규먼트:  -Dcatalina.home=C:\Users\Administrator\Documents\풀스텍과정_홍성민\apache-tomcat-9.0.73
11-May-2023 09:46:44.613 INFO [main] org.apache.catalina.startup.VersionLoggerListener.log 명령 행 아규먼트:  -Djava.io.tmpdir=C:\Users\Administrator\Documents\풀스텍과정_홍성민\apache-tomcat-9.0.73\temp
11-May-2023 09:46:44.660 INFO [main] org.apache.catalina.core.AprLifecycleListener.lifecycleEvent APR 버전 [1.7.2]을(를) 사용한, APR 기반 Apache Tomcat Native 라이브러리 [1.2.36]을(를) 로드했습니다.
11-May-2023 09:46:44.660 INFO [main] org.apache.catalina.core.AprLifecycleListener.lifecycleEvent APR 용량정보들: IPv6 [true], sendfile [true], accept filters [false], random [true], UDS [true].
11-May-2023 09:46:44.660 INFO [main] org.apache.catalina.core.AprLifecycleListener.lifecycleEvent APR/OpenSSL 설정: useAprConnector [false], useOpenSSL [true]
11-May-2023 09:46:44.660 INFO [main] org.apache.catalina.core.AprLifecycleListener.initializeSSL OpenSSL이 성공적으로 초기화되었습니다: [OpenSSL 1.1.1t  7 Feb 2023]
11-May-2023 09:46:44.910 INFO [main] org.apache.coyote.AbstractProtocol.init 프로토콜 핸들러 ["http-nio-8080"]을(를) 초기화합니다.
11-May-2023 09:46:44.941 INFO [main] org.apache.catalina.startup.Catalina.load [603] 밀리초 내에 서버가 초기화되었습니다.
11-May-2023 09:46:44.988 INFO [main] org.apache.catalina.core.StandardService.startInternal 서비스 [Catalina]을(를) 시작합니다.
11-May-2023 09:46:44.988 INFO [main] org.apache.catalina.core.StandardEngine.startInternal 서버 엔진을 시작합니다: [Apache Tomcat/9.0.73]
11-May-2023 09:46:45.004 INFO [main] org.apache.catalina.startup.HostConfig.deployDirectory 웹 애플리케이션 디렉토리 [C:\Users\Administrator\Documents\풀스텍과정_홍성민\apache-tomcat-9.0.73\webapps\docs]을(를) 배치합니다.
11-May-2023 09:46:45.498 INFO [main] org.apache.catalina.startup.HostConfig.deployDirectory 웹 애플리케이션 디렉토리 [C:\Users\Administrator\Documents\풀스텍과정_홍성민\apache-tomcat-9.0.73\webapps\docs]에 대한 배치가 [492] 밀리초에 완료되었습니다.
11-May-2023 09:46:45.499 INFO [main] org.apache.catalina.startup.HostConfig.deployDirectory 웹 애플리케이션 디렉토리 [C:\Users\Administrator\Documents\풀스텍과정_홍성민\apache-tomcat-9.0.73\webapps\examples]을(를) 배치합니다.
11-May-2023 09:46:46.175 INFO [main] org.apache.catalina.startup.HostConfig.deployDirectory 웹 애플리케이션 디렉토리 [C:\Users\Administrator\Documents\풀스텍과정_홍성민\apache-tomcat-9.0.73\webapps\examples]에 대한 배치가 [676] 밀리초에 완료되었습니다.
11-May-2023 09:46:46.177 INFO [main] org.apache.catalina.startup.HostConfig.deployDirectory 웹 애플리케이션 디렉토리 [C:\Users\Administrator\Documents\풀스텍과정_홍성민\apache-tomcat-9.0.73\webapps\host-manager]을(를) 배치합니다.
11-May-2023 09:46:46.223 INFO [main] org.apache.catalina.startup.HostConfig.deployDirectory 웹 애플리케이션 디렉토리 [C:\Users\Administrator\Documents\풀스텍과정_홍성민\apache-tomcat-9.0.73\webapps\host-manager]에 대한 배치가 [45] 밀리초에 완료되었습니다.
11-May-2023 09:46:46.224 INFO [main] org.apache.catalina.startup.HostConfig.deployDirectory 웹 애플리케이션 디렉토리 [C:\Users\Administrator\Documents\풀스텍과정_홍성민\apache-tomcat-9.0.73\webapps\manager]을(를) 배치합니다.
11-May-2023 09:46:46.283 INFO [main] org.apache.catalina.startup.HostConfig.deployDirectory 웹 애플리케이션 디렉토리 [C:\Users\Administrator\Documents\풀스텍과정_홍성민\apache-tomcat-9.0.73\webapps\manager]에 대한 배치가 [58] 밀리초에 완료되었습니다.
11-May-2023 09:46:46.284 INFO [main] org.apache.catalina.startup.HostConfig.deployDirectory 웹 애플리케이션 디렉토리 [C:\Users\Administrator\Documents\풀스텍과정_홍성민\apache-tomcat-9.0.73\webapps\ROOT]을(를) 배치합니다.
11-May-2023 09:46:47.105 INFO [main] org.apache.jasper.servlet.TldScanner.scanJars 적어도 하나의 JAR가 TLD들을 찾기 위해 스캔되었으나 아무 것도 찾지 못했습니다. 스캔했으나 TLD가 없는 JAR들의 전체 목록을 보시려면, 로그 레벨을 디버그 레벨로 설정하십시오. 스캔 과정에서 불필요한 JAR들을 건너뛰면, 시스템 시작 시간과 JSP 컴파일 시간을 단축시킬 수 있습니다.
11-May-2023 09:46:47.141 INFO [main] org.apache.catalina.startup.HostConfig.deployDirectory 웹 애플리케이션 디렉토리 [C:\Users\Administrator\Documents\풀스텍과정_홍성민\apache-tomcat-9.0.73\webapps\ROOT]에 대한 배치가 [856] 밀리초에 완료되었습니다.
11-May-2023 09:46:47.146 INFO [main] org.apache.coyote.AbstractProtocol.start 프로토콜 핸들러 ["http-nio-8080"]을(를) 시작합니다.
11-May-2023 09:46:47.232 INFO [main] org.apache.catalina.startup.Catalina.start 서버가 [2284] 밀리초 내에 시작되었습니다.
11-May-2023 09:50:58.643 INFO [main] org.apache.catalina.startup.VersionLoggerListener.log 서버 버전 이름:    Apache Tomcat/9.0.73
11-May-2023 09:50:58.643 INFO [main] org.apache.catalina.startup.VersionLoggerListener.log Server 빌드 시각:  Feb 27 2023 15:33:40 UTC
11-May-2023 09:50:58.643 INFO [main] org.apache.catalina.startup.VersionLoggerListener.log Server 버전 번호:  9.0.73.0
11-May-2023 09:50:58.643 INFO [main] org.apache.catalina.startup.VersionLoggerListener.log 운영체제 이름:     Windows 10
11-May-2023 09:50:58.643 INFO [main] org.apache.catalina.startup.VersionLoggerListener.log 운영체제 버전:     10.0
11-May-2023 09:50:58.643 INFO [main] org.apache.catalina.startup.VersionLoggerListener.log 아키텍처:          amd64
11-May-2023 09:50:58.643 INFO [main] org.apache.catalina.startup.VersionLoggerListener.log 자바 홈:           C:\Program Files\java\jdk-11
11-May-2023 09:50:58.643 INFO [main] org.apache.catalina.startup.VersionLoggerListener.log JVM 버전:          11+28
11-May-2023 09:50:58.643 INFO [main] org.apache.catalina.startup.VersionLoggerListener.log JVM 벤더:          Oracle Corporation
11-May-2023 09:50:58.659 INFO [main] org.apache.catalina.startup.VersionLoggerListener.log CATALINA_BASE:     C:\Users\Administrator\Documents\풀스텍과정_홍성민\apache-tomcat-9.0.73
11-May-2023 09:50:58.659 INFO [main] org.apache.catalina.startup.VersionLoggerListener.log CATALINA_HOME:     C:\Users\Administrator\Documents\풀스텍과정_홍성민\apache-tomcat-9.0.73
11-May-2023 09:50:58.659 INFO [main] org.apache.catalina.startup.VersionLoggerListener.log 명령 행 아규먼트:  --add-opens=java.base/java.lang=ALL-UNNAMED
11-May-2023 09:50:58.659 INFO [main] org.apache.catalina.startup.VersionLoggerListener.log 명령 행 아규먼트:  --add-opens=java.base/java.io=ALL-UNNAMED
11-May-2023 09:50:58.659 INFO [main] org.apache.catalina.startup.VersionLoggerListener.log 명령 행 아규먼트:  --add-opens=java.base/java.util=ALL-UNNAMED
11-May-2023 09:50:58.659 INFO [main] org.apache.catalina.startup.VersionLoggerListener.log 명령 행 아규먼트:  --add-opens=java.base/java.util.concurrent=ALL-UNNAMED
11-May-2023 09:50:58.659 INFO [main] org.apache.catalina.startup.VersionLoggerListener.log 명령 행 아규먼트:  --add-opens=java.rmi/sun.rmi.transport=ALL-UNNAMED
11-May-2023 09:50:58.659 INFO [main] org.apache.catalina.startup.VersionLoggerListener.log 명령 행 아규먼트:  -Djava.util.logging.config.file=C:\Users\Administrator\Documents\풀스텍과정_홍성민\apache-tomcat-9.0.73\conf\logging.properties
11-May-2023 09:50:58.659 INFO [main] org.apache.catalina.startup.VersionLoggerListener.log 명령 행 아규먼트:  -Djava.util.logging.manager=org.apache.juli.ClassLoaderLogManager
11-May-2023 09:50:58.659 INFO [main] org.apache.catalina.startup.VersionLoggerListener.log 명령 행 아규먼트:  -Djdk.tls.ephemeralDHKeySize=2048
11-May-2023 09:50:58.659 INFO [main] org.apache.catalina.startup.VersionLoggerListener.log 명령 행 아규먼트:  -Djava.protocol.handler.pkgs=org.apache.catalina.webresources
11-May-2023 09:50:58.659 INFO [main] org.apache.catalina.startup.VersionLoggerListener.log 명령 행 아규먼트:  -Dignore.endorsed.dirs=
11-May-2023 09:50:58.659 INFO [main] org.apache.catalina.startup.VersionLoggerListener.log 명령 행 아규먼트:  -Dcatalina.base=C:\Users\Administrator\Documents\풀스텍과정_홍성민\apache-tomcat-9.0.73
11-May-2023 09:50:58.659 INFO [main] org.apache.catalina.startup.VersionLoggerListener.log 명령 행 아규먼트:  -Dcatalina.home=C:\Users\Administrator\Documents\풀스텍과정_홍성민\apache-tomcat-9.0.73
11-May-2023 09:50:58.659 INFO [main] org.apache.catalina.startup.VersionLoggerListener.log 명령 행 아규먼트:  -Djava.io.tmpdir=C:\Users\Administrator\Documents\풀스텍과정_홍성민\apache-tomcat-9.0.73\temp
11-May-2023 09:50:58.675 INFO [main] org.apache.catalina.core.AprLifecycleListener.lifecycleEvent APR 버전 [1.7.2]을(를) 사용한, APR 기반 Apache Tomcat Native 라이브러리 [1.2.36]을(를) 로드했습니다.
11-May-2023 09:50:58.675 INFO [main] org.apache.catalina.core.AprLifecycleListener.lifecycleEvent APR 용량정보들: IPv6 [true], sendfile [true], accept filters [false], random [true], UDS [true].
11-May-2023 09:50:58.675 INFO [main] org.apache.catalina.core.AprLifecycleListener.lifecycleEvent APR/OpenSSL 설정: useAprConnector [false], useOpenSSL [true]
11-May-2023 09:50:58.675 INFO [main] org.apache.catalina.core.AprLifecycleListener.initializeSSL OpenSSL이 성공적으로 초기화되었습니다: [OpenSSL 1.1.1t  7 Feb 2023]
11-May-2023 09:50:58.990 INFO [main] org.apache.coyote.AbstractProtocol.init 프로토콜 핸들러 ["http-nio-8080"]을(를) 초기화합니다.
11-May-2023 09:50:59.014 INFO [main] org.apache.catalina.startup.Catalina.load [609] 밀리초 내에 서버가 초기화되었습니다.
11-May-2023 09:50:59.061 INFO [main] org.apache.catalina.core.StandardService.startInternal 서비스 [Catalina]을(를) 시작합니다.
11-May-2023 09:50:59.061 INFO [main] org.apache.catalina.core.StandardEngine.startInternal 서버 엔진을 시작합니다: [Apache Tomcat/9.0.73]
11-May-2023 09:50:59.061 INFO [main] org.apache.catalina.startup.HostConfig.deployDirectory 웹 애플리케이션 디렉토리 [C:\Users\Administrator\Documents\풀스텍과정_홍성민\apache-tomcat-9.0.73\webapps\docs]을(를) 배치합니다.
11-May-2023 09:50:59.456 INFO [main] org.apache.catalina.startup.HostConfig.deployDirectory 웹 애플리케이션 디렉토리 [C:\Users\Administrator\Documents\풀스텍과정_홍성민\apache-tomcat-9.0.73\webapps\docs]에 대한 배치가 [393] 밀리초에 완료되었습니다.
11-May-2023 09:50:59.458 INFO [main] org.apache.catalina.startup.HostConfig.deployDirectory 웹 애플리케이션 디렉토리 [C:\Users\Administrator\Documents\풀스텍과정_홍성민\apache-tomcat-9.0.73\webapps\examples]을(를) 배치합니다.
11-May-2023 09:50:59.854 INFO [main] org.apache.catalina.startup.HostConfig.deployDirectory 웹 애플리케이션 디렉토리 [C:\Users\Administrator\Documents\풀스텍과정_홍성민\apache-tomcat-9.0.73\webapps\examples]에 대한 배치가 [397] 밀리초에 완료되었습니다.
11-May-2023 09:50:59.854 INFO [main] org.apache.catalina.startup.HostConfig.deployDirectory 웹 애플리케이션 디렉토리 [C:\Users\Administrator\Documents\풀스텍과정_홍성민\apache-tomcat-9.0.73\webapps\host-manager]을(를) 배치합니다.
11-May-2023 09:50:59.901 INFO [main] org.apache.catalina.startup.HostConfig.deployDirectory 웹 애플리케이션 디렉토리 [C:\Users\Administrator\Documents\풀스텍과정_홍성민\apache-tomcat-9.0.73\webapps\host-manager]에 대한 배치가 [47] 밀리초에 완료되었습니다.
11-May-2023 09:50:59.901 INFO [main] org.apache.catalina.startup.HostConfig.deployDirectory 웹 애플리케이션 디렉토리 [C:\Users\Administrator\Documents\풀스텍과정_홍성민\apache-tomcat-9.0.73\webapps\manager]을(를) 배치합니다.
11-May-2023 09:50:59.932 INFO [main] org.apache.catalina.startup.HostConfig.deployDirectory 웹 애플리케이션 디렉토리 [C:\Users\Administrator\Documents\풀스텍과정_홍성민\apache-tomcat-9.0.73\webapps\manager]에 대한 배치가 [31] 밀리초에 완료되었습니다.
11-May-2023 09:50:59.932 INFO [main] org.apache.catalina.startup.HostConfig.deployDirectory 웹 애플리케이션 디렉토리 [C:\Users\Administrator\Documents\풀스텍과정_홍성민\apache-tomcat-9.0.73\webapps\ROOT]을(를) 배치합니다.
11-May-2023 09:51:00.527 INFO [main] org.apache.jasper.servlet.TldScanner.scanJars 적어도 하나의 JAR가 TLD들을 찾기 위해 스캔되었으나 아무 것도 찾지 못했습니다. 스캔했으나 TLD가 없는 JAR들의 전체 목록을 보시려면, 로그 레벨을 디버그 레벨로 설정하십시오. 스캔 과정에서 불필요한 JAR들을 건너뛰면, 시스템 시작 시간과 JSP 컴파일 시간을 단축시킬 수 있습니다.
11-May-2023 09:51:00.559 INFO [main] org.apache.catalina.startup.HostConfig.deployDirectory 웹 애플리케이션 디렉토리 [C:\Users\Administrator\Documents\풀스텍과정_홍성민\apache-tomcat-9.0.73\webapps\ROOT]에 대한 배치가 [627] 밀리초에 완료되었습니다.
11-May-2023 09:51:00.559 INFO [main] org.apache.coyote.AbstractProtocol.start 프로토콜 핸들러 ["http-nio-8080"]을(를) 시작합니다.
11-May-2023 09:51:00.652 INFO [main] org.apache.catalina.startup.Catalina.start 서버가 [1640] 밀리초 내에 시작되었습니다.
11-May-2023 09:55:08.850 INFO [main] org.apache.catalina.startup.VersionLoggerListener.log 서버 버전 이름:    Apache Tomcat/9.0.73
11-May-2023 09:55:08.855 INFO [main] org.apache.catalina.startup.VersionLoggerListener.log Server 빌드 시각:  Feb 27 2023 15:33:40 UTC
11-May-2023 09:55:08.855 INFO [main] org.apache.catalina.startup.VersionLoggerListener.log Server 버전 번호:  9.0.73.0
11-May-2023 09:55:08.855 INFO [main] org.apache.catalina.startup.VersionLoggerListener.log 운영체제 이름:     Windows 10
11-May-2023 09:55:08.856 INFO [main] org.apache.catalina.startup.VersionLoggerListener.log 운영체제 버전:     10.0
11-May-2023 09:55:08.856 INFO [main] org.apache.catalina.startup.VersionLoggerListener.log 아키텍처:          amd64
11-May-2023 09:55:08.856 INFO [main] org.apache.catalina.startup.VersionLoggerListener.log 자바 홈:           C:\Program Files\java\jdk-11
11-May-2023 09:55:08.856 INFO [main] org.apache.catalina.startup.VersionLoggerListener.log JVM 버전:          11+28
11-May-2023 09:55:08.857 INFO [main] org.apache.catalina.startup.VersionLoggerListener.log JVM 벤더:          Oracle Corporation
11-May-2023 09:55:08.857 INFO [main] org.apache.catalina.startup.VersionLoggerListener.log CATALINA_BASE:     C:\Users\Administrator\Documents\풀스텍과정_홍성민\apache-tomcat-9.0.73
11-May-2023 09:55:08.857 INFO [main] org.apache.catalina.startup.VersionLoggerListener.log CATALINA_HOME:     C:\Users\Administrator\Documents\풀스텍과정_홍성민\apache-tomcat-9.0.73
11-May-2023 09:55:08.867 INFO [main] org.apache.catalina.startup.VersionLoggerListener.log 명령 행 아규먼트:  --add-opens=java.base/java.lang=ALL-UNNAMED
11-May-2023 09:55:08.868 INFO [main] org.apache.catalina.startup.VersionLoggerListener.log 명령 행 아규먼트:  --add-opens=java.base/java.io=ALL-UNNAMED
11-May-2023 09:55:08.868 INFO [main] org.apache.catalina.startup.VersionLoggerListener.log 명령 행 아규먼트:  --add-opens=java.base/java.util=ALL-UNNAMED
11-May-2023 09:55:08.869 INFO [main] org.apache.catalina.startup.VersionLoggerListener.log 명령 행 아규먼트:  --add-opens=java.base/java.util.concurrent=ALL-UNNAMED
11-May-2023 09:55:08.870 INFO [main] org.apache.catalina.startup.VersionLoggerListener.log 명령 행 아규먼트:  --add-opens=java.rmi/sun.rmi.transport=ALL-UNNAMED
11-May-2023 09:55:08.871 INFO [main] org.apache.catalina.startup.VersionLoggerListener.log 명령 행 아규먼트:  -Djava.util.logging.config.file=C:\Users\Administrator\Documents\풀스텍과정_홍성민\apache-tomcat-9.0.73\conf\logging.properties
11-May-2023 09:55:08.872 INFO [main] org.apache.catalina.startup.VersionLoggerListener.log 명령 행 아규먼트:  -Djava.util.logging.manager=org.apache.juli.ClassLoaderLogManager
11-May-2023 09:55:08.872 INFO [main] org.apache.catalina.startup.VersionLoggerListener.log 명령 행 아규먼트:  -Djdk.tls.ephemeralDHKeySize=2048
11-May-2023 09:55:08.872 INFO [main] org.apache.catalina.startup.VersionLoggerListener.log 명령 행 아규먼트:  -Djava.protocol.handler.pkgs=org.apache.catalina.webresources
11-May-2023 09:55:08.873 INFO [main] org.apache.catalina.startup.VersionLoggerListener.log 명령 행 아규먼트:  -Dignore.endorsed.dirs=
11-May-2023 09:55:08.873 INFO [main] org.apache.catalina.startup.VersionLoggerListener.log 명령 행 아규먼트:  -Dcatalina.base=C:\Users\Administrator\Documents\풀스텍과정_홍성민\apache-tomcat-9.0.73
11-May-2023 09:55:08.874 INFO [main] org.apache.catalina.startup.VersionLoggerListener.log 명령 행 아규먼트:  -Dcatalina.home=C:\Users\Administrator\Documents\풀스텍과정_홍성민\apache-tomcat-9.0.73
11-May-2023 09:55:08.874 INFO [main] org.apache.catalina.startup.VersionLoggerListener.log 명령 행 아규먼트:  -Djava.io.tmpdir=C:\Users\Administrator\Documents\풀스텍과정_홍성민\apache-tomcat-9.0.73\temp
11-May-2023 09:55:08.878 INFO [main] org.apache.catalina.core.AprLifecycleListener.lifecycleEvent APR 버전 [1.7.2]을(를) 사용한, APR 기반 Apache Tomcat Native 라이브러리 [1.2.36]을(를) 로드했습니다.
11-May-2023 09:55:08.879 INFO [main] org.apache.catalina.core.AprLifecycleListener.lifecycleEvent APR 용량정보들: IPv6 [true], sendfile [true], accept filters [false], random [true], UDS [true].
11-May-2023 09:55:08.879 INFO [main] org.apache.catalina.core.AprLifecycleListener.lifecycleEvent APR/OpenSSL 설정: useAprConnector [false], useOpenSSL [true]
11-May-2023 09:55:08.884 INFO [main] org.apache.catalina.core.AprLifecycleListener.initializeSSL OpenSSL이 성공적으로 초기화되었습니다: [OpenSSL 1.1.1t  7 Feb 2023]
11-May-2023 09:55:09.157 INFO [main] org.apache.coyote.AbstractProtocol.init 프로토콜 핸들러 ["http-nio-8080"]을(를) 초기화합니다.
11-May-2023 09:55:09.182 INFO [main] org.apache.catalina.startup.Catalina.load [555] 밀리초 내에 서버가 초기화되었습니다.
11-May-2023 09:55:09.234 INFO [main] org.apache.catalina.core.StandardService.startInternal 서비스 [Catalina]을(를) 시작합니다.
11-May-2023 09:55:09.236 INFO [main] org.apache.catalina.core.StandardEngine.startInternal 서버 엔진을 시작합니다: [Apache Tomcat/9.0.73]
11-May-2023 09:55:09.245 INFO [main] org.apache.catalina.startup.HostConfig.deployDirectory 웹 애플리케이션 디렉토리 [C:\Users\Administrator\Documents\풀스텍과정_홍성민\apache-tomcat-9.0.73\webapps\docs]을(를) 배치합니다.
11-May-2023 09:55:09.689 INFO [main] org.apache.catalina.startup.HostConfig.deployDirectory 웹 애플리케이션 디렉토리 [C:\Users\Administrator\Documents\풀스텍과정_홍성민\apache-tomcat-9.0.73\webapps\docs]에 대한 배치가 [440] 밀리초에 완료되었습니다.
11-May-2023 09:55:09.690 INFO [main] org.apache.catalina.startup.HostConfig.deployDirectory 웹 애플리케이션 디렉토리 [C:\Users\Administrator\Documents\풀스텍과정_홍성민\apache-tomcat-9.0.73\webapps\examples]을(를) 배치합니다.
11-May-2023 09:55:10.460 INFO [main] org.apache.catalina.startup.HostConfig.deployDirectory 웹 애플리케이션 디렉토리 [C:\Users\Administrator\Documents\풀스텍과정_홍성민\apache-tomcat-9.0.73\webapps\examples]에 대한 배치가 [770] 밀리초에 완료되었습니다.
11-May-2023 09:55:10.462 INFO [main] org.apache.catalina.startup.HostConfig.deployDirectory 웹 애플리케이션 디렉토리 [C:\Users\Administrator\Documents\풀스텍과정_홍성민\apache-tomcat-9.0.73\webapps\host-manager]을(를) 배치합니다.
11-May-2023 09:55:10.508 INFO [main] org.apache.catalina.startup.HostConfig.deployDirectory 웹 애플리케이션 디렉토리 [C:\Users\Administrator\Documents\풀스텍과정_홍성민\apache-tomcat-9.0.73\webapps\host-manager]에 대한 배치가 [46] 밀리초에 완료되었습니다.
11-May-2023 09:55:10.509 INFO [main] org.apache.catalina.startup.HostConfig.deployDirectory 웹 애플리케이션 디렉토리 [C:\Users\Administrator\Documents\풀스텍과정_홍성민\apache-tomcat-9.0.73\webapps\manager]을(를) 배치합니다.
11-May-2023 09:55:10.572 INFO [main] org.apache.catalina.startup.HostConfig.deployDirectory 웹 애플리케이션 디렉토리 [C:\Users\Administrator\Documents\풀스텍과정_홍성민\apache-tomcat-9.0.73\webapps\manager]에 대한 배치가 [63] 밀리초에 완료되었습니다.
11-May-2023 09:55:10.573 INFO [main] org.apache.catalina.startup.HostConfig.deployDirectory 웹 애플리케이션 디렉토리 [C:\Users\Administrator\Documents\풀스텍과정_홍성민\apache-tomcat-9.0.73\webapps\ROOT]을(를) 배치합니다.
11-May-2023 09:55:11.286 INFO [main] org.apache.jasper.servlet.TldScanner.scanJars 적어도 하나의 JAR가 TLD들을 찾기 위해 스캔되었으나 아무 것도 찾지 못했습니다. 스캔했으나 TLD가 없는 JAR들의 전체 목록을 보시려면, 로그 레벨을 디버그 레벨로 설정하십시오. 스캔 과정에서 불필요한 JAR들을 건너뛰면, 시스템 시작 시간과 JSP 컴파일 시간을 단축시킬 수 있습니다.
11-May-2023 09:55:11.333 INFO [main] org.apache.catalina.startup.HostConfig.deployDirectory 웹 애플리케이션 디렉토리 [C:\Users\Administrator\Documents\풀스텍과정_홍성민\apache-tomcat-9.0.73\webapps\ROOT]에 대한 배치가 [760] 밀리초에 완료되었습니다.
11-May-2023 09:55:11.333 INFO [main] org.apache.coyote.AbstractProtocol.start 프로토콜 핸들러 ["http-nio-8080"]을(를) 시작합니다.
11-May-2023 09:55:11.426 INFO [main] org.apache.catalina.startup.Catalina.start 서버가 [2244] 밀리초 내에 시작되었습니다.
11-May-2023 10:07:19.424 INFO [main] org.apache.catalina.startup.VersionLoggerListener.log 서버 버전 이름:    Apache Tomcat/9.0.73
11-May-2023 10:07:19.428 INFO [main] org.apache.catalina.startup.VersionLoggerListener.log Server 빌드 시각:  Feb 27 2023 15:33:40 UTC
11-May-2023 10:07:19.428 INFO [main] org.apache.catalina.startup.VersionLoggerListener.log Server 버전 번호:  9.0.73.0
11-May-2023 10:07:19.429 INFO [main] org.apache.catalina.startup.VersionLoggerListener.log 운영체제 이름:     Windows 10
11-May-2023 10:07:19.429 INFO [main] org.apache.catalina.startup.VersionLoggerListener.log 운영체제 버전:     10.0
11-May-2023 10:07:19.429 INFO [main] org.apache.catalina.startup.VersionLoggerListener.log 아키텍처:          amd64
11-May-2023 10:07:19.429 INFO [main] org.apache.catalina.startup.VersionLoggerListener.log 자바 홈:           C:\Program Files\java\jdk-11
11-May-2023 10:07:19.430 INFO [main] org.apache.catalina.startup.VersionLoggerListener.log JVM 버전:          11+28
11-May-2023 10:07:19.430 INFO [main] org.apache.catalina.startup.VersionLoggerListener.log JVM 벤더:          Oracle Corporation
11-May-2023 10:07:19.430 INFO [main] org.apache.catalina.startup.VersionLoggerListener.log CATALINA_BASE:     C:\Users\Administrator\Documents\풀스텍과정_홍성민\apache-tomcat-9.0.73
11-May-2023 10:07:19.430 INFO [main] org.apache.catalina.startup.VersionLoggerListener.log CATALINA_HOME:     C:\Users\Administrator\Documents\풀스텍과정_홍성민\apache-tomcat-9.0.73
11-May-2023 10:07:19.440 INFO [main] org.apache.catalina.startup.VersionLoggerListener.log 명령 행 아규먼트:  --add-opens=java.base/java.lang=ALL-UNNAMED
11-May-2023 10:07:19.442 INFO [main] org.apache.catalina.startup.VersionLoggerListener.log 명령 행 아규먼트:  --add-opens=java.base/java.io=ALL-UNNAMED
11-May-2023 10:07:19.443 INFO [main] org.apache.catalina.startup.VersionLoggerListener.log 명령 행 아규먼트:  --add-opens=java.base/java.util=ALL-UNNAMED
11-May-2023 10:07:19.443 INFO [main] org.apache.catalina.startup.VersionLoggerListener.log 명령 행 아규먼트:  --add-opens=java.base/java.util.concurrent=ALL-UNNAMED
11-May-2023 10:07:19.444 INFO [main] org.apache.catalina.startup.VersionLoggerListener.log 명령 행 아규먼트:  --add-opens=java.rmi/sun.rmi.transport=ALL-UNNAMED
11-May-2023 10:07:19.445 INFO [main] org.apache.catalina.startup.VersionLoggerListener.log 명령 행 아규먼트:  -Djava.util.logging.config.file=C:\Users\Administrator\Documents\풀스텍과정_홍성민\apache-tomcat-9.0.73\conf\logging.properties
11-May-2023 10:07:19.445 INFO [main] org.apache.catalina.startup.VersionLoggerListener.log 명령 행 아규먼트:  -Djava.util.logging.manager=org.apache.juli.ClassLoaderLogManager
11-May-2023 10:07:19.446 INFO [main] org.apache.catalina.startup.VersionLoggerListener.log 명령 행 아규먼트:  -Djdk.tls.ephemeralDHKeySize=2048
11-May-2023 10:07:19.446 INFO [main] org.apache.catalina.startup.VersionLoggerListener.log 명령 행 아규먼트:  -Djava.protocol.handler.pkgs=org.apache.catalina.webresources
11-May-2023 10:07:19.446 INFO [main] org.apache.catalina.startup.VersionLoggerListener.log 명령 행 아규먼트:  -Dignore.endorsed.dirs=
11-May-2023 10:07:19.447 INFO [main] org.apache.catalina.startup.VersionLoggerListener.log 명령 행 아규먼트:  -Dcatalina.base=C:\Users\Administrator\Documents\풀스텍과정_홍성민\apache-tomcat-9.0.73
11-May-2023 10:07:19.447 INFO [main] org.apache.catalina.startup.VersionLoggerListener.log 명령 행 아규먼트:  -Dcatalina.home=C:\Users\Administrator\Documents\풀스텍과정_홍성민\apache-tomcat-9.0.73
11-May-2023 10:07:19.447 INFO [main] org.apache.catalina.startup.VersionLoggerListener.log 명령 행 아규먼트:  -Djava.io.tmpdir=C:\Users\Administrator\Documents\풀스텍과정_홍성민\apache-tomcat-9.0.73\temp
11-May-2023 10:07:19.451 INFO [main] org.apache.catalina.core.AprLifecycleListener.lifecycleEvent APR 버전 [1.7.2]을(를) 사용한, APR 기반 Apache Tomcat Native 라이브러리 [1.2.36]을(를) 로드했습니다.
11-May-2023 10:07:19.452 INFO [main] org.apache.catalina.core.AprLifecycleListener.lifecycleEvent APR 용량정보들: IPv6 [true], sendfile [true], accept filters [false], random [true], UDS [true].
11-May-2023 10:07:19.453 INFO [main] org.apache.catalina.core.AprLifecycleListener.lifecycleEvent APR/OpenSSL 설정: useAprConnector [false], useOpenSSL [true]
11-May-2023 10:07:19.457 INFO [main] org.apache.catalina.core.AprLifecycleListener.initializeSSL OpenSSL이 성공적으로 초기화되었습니다: [OpenSSL 1.1.1t  7 Feb 2023]
11-May-2023 10:07:19.724 INFO [main] org.apache.coyote.AbstractProtocol.init 프로토콜 핸들러 ["http-nio-8080"]을(를) 초기화합니다.
11-May-2023 10:07:19.747 INFO [main] org.apache.catalina.startup.Catalina.load [524] 밀리초 내에 서버가 초기화되었습니다.
11-May-2023 10:07:19.799 INFO [main] org.apache.catalina.core.StandardService.startInternal 서비스 [Catalina]을(를) 시작합니다.
11-May-2023 10:07:19.801 INFO [main] org.apache.catalina.core.StandardEngine.startInternal 서버 엔진을 시작합니다: [Apache Tomcat/9.0.73]
11-May-2023 10:07:19.820 INFO [main] org.apache.catalina.startup.HostConfig.deployDirectory 웹 애플리케이션 디렉토리 [C:\Users\Administrator\Documents\풀스텍과정_홍성민\apache-tomcat-9.0.73\webapps\docs]을(를) 배치합니다.
11-May-2023 10:07:20.182 INFO [main] org.apache.catalina.startup.HostConfig.deployDirectory 웹 애플리케이션 디렉토리 [C:\Users\Administrator\Documents\풀스텍과정_홍성민\apache-tomcat-9.0.73\webapps\docs]에 대한 배치가 [361] 밀리초에 완료되었습니다.
11-May-2023 10:07:20.184 INFO [main] org.apache.catalina.startup.HostConfig.deployDirectory 웹 애플리케이션 디렉토리 [C:\Users\Administrator\Documents\풀스텍과정_홍성민\apache-tomcat-9.0.73\webapps\examples]을(를) 배치합니다.
11-May-2023 10:07:20.582 INFO [main] org.apache.catalina.startup.HostConfig.deployDirectory 웹 애플리케이션 디렉토리 [C:\Users\Administrator\Documents\풀스텍과정_홍성민\apache-tomcat-9.0.73\webapps\examples]에 대한 배치가 [398] 밀리초에 완료되었습니다.
11-May-2023 10:07:20.584 INFO [main] org.apache.catalina.startup.HostConfig.deployDirectory 웹 애플리케이션 디렉토리 [C:\Users\Administrator\Documents\풀스텍과정_홍성민\apache-tomcat-9.0.73\webapps\host-manager]을(를) 배치합니다.
11-May-2023 10:07:20.670 INFO [main] org.apache.catalina.startup.HostConfig.deployDirectory 웹 애플리케이션 디렉토리 [C:\Users\Administrator\Documents\풀스텍과정_홍성민\apache-tomcat-9.0.73\webapps\host-manager]에 대한 배치가 [87] 밀리초에 완료되었습니다.
11-May-2023 10:07:20.671 INFO [main] org.apache.catalina.startup.HostConfig.deployDirectory 웹 애플리케이션 디렉토리 [C:\Users\Administrator\Documents\풀스텍과정_홍성민\apache-tomcat-9.0.73\webapps\manager]을(를) 배치합니다.
11-May-2023 10:07:20.721 INFO [main] org.apache.catalina.startup.HostConfig.deployDirectory 웹 애플리케이션 디렉토리 [C:\Users\Administrator\Documents\풀스텍과정_홍성민\apache-tomcat-9.0.73\webapps\manager]에 대한 배치가 [50] 밀리초에 완료되었습니다.
11-May-2023 10:07:20.723 INFO [main] org.apache.catalina.startup.HostConfig.deployDirectory 웹 애플리케이션 디렉토리 [C:\Users\Administrator\Documents\풀스텍과정_홍성민\apache-tomcat-9.0.73\webapps\ROOT]을(를) 배치합니다.
11-May-2023 10:07:21.461 INFO [main] org.apache.jasper.servlet.TldScanner.scanJars 적어도 하나의 JAR가 TLD들을 찾기 위해 스캔되었으나 아무 것도 찾지 못했습니다. 스캔했으나 TLD가 없는 JAR들의 전체 목록을 보시려면, 로그 레벨을 디버그 레벨로 설정하십시오. 스캔 과정에서 불필요한 JAR들을 건너뛰면, 시스템 시작 시간과 JSP 컴파일 시간을 단축시킬 수 있습니다.
11-May-2023 10:07:21.492 INFO [main] org.apache.catalina.startup.HostConfig.deployDirectory 웹 애플리케이션 디렉토리 [C:\Users\Administrator\Documents\풀스텍과정_홍성민\apache-tomcat-9.0.73\webapps\ROOT]에 대한 배치가 [769] 밀리초에 완료되었습니다.
11-May-2023 10:07:21.492 INFO [main] org.apache.coyote.AbstractProtocol.start 프로토콜 핸들러 ["http-nio-8080"]을(를) 시작합니다.
11-May-2023 10:07:21.604 INFO [main] org.apache.catalina.startup.Catalina.start 서버가 [1856] 밀리초 내에 시작되었습니다.
11-May-2023 10:09:35.010 INFO [main] org.apache.catalina.startup.VersionLoggerListener.log 서버 버전 이름:    Apache Tomcat/9.0.73
11-May-2023 10:09:35.013 INFO [main] org.apache.catalina.startup.VersionLoggerListener.log Server 빌드 시각:  Feb 27 2023 15:33:40 UTC
11-May-2023 10:09:35.013 INFO [main] org.apache.catalina.startup.VersionLoggerListener.log Server 버전 번호:  9.0.73.0
11-May-2023 10:09:35.013 INFO [main] org.apache.catalina.startup.VersionLoggerListener.log 운영체제 이름:     Windows 10
11-May-2023 10:09:35.013 INFO [main] org.apache.catalina.startup.VersionLoggerListener.log 운영체제 버전:     10.0
11-May-2023 10:09:35.013 INFO [main] org.apache.catalina.startup.VersionLoggerListener.log 아키텍처:          amd64
11-May-2023 10:09:35.013 INFO [main] org.apache.catalina.startup.VersionLoggerListener.log 자바 홈:           C:\Program Files\java\jdk-11
11-May-2023 10:09:35.014 INFO [main] org.apache.catalina.startup.VersionLoggerListener.log JVM 버전:          11+28
11-May-2023 10:09:35.015 INFO [main] org.apache.catalina.startup.VersionLoggerListener.log JVM 벤더:          Oracle Corporation
11-May-2023 10:09:35.015 INFO [main] org.apache.catalina.startup.VersionLoggerListener.log CATALINA_BASE:     C:\Users\Administrator\Documents\풀스텍과정_홍성민\apache-tomcat-9.0.73
11-May-2023 10:09:35.015 INFO [main] org.apache.catalina.startup.VersionLoggerListener.log CATALINA_HOME:     C:\Users\Administrator\Documents\풀스텍과정_홍성민\apache-tomcat-9.0.73
11-May-2023 10:09:35.024 INFO [main] org.apache.catalina.startup.VersionLoggerListener.log 명령 행 아규먼트:  --add-opens=java.base/java.lang=ALL-UNNAMED
11-May-2023 10:09:35.026 INFO [main] org.apache.catalina.startup.VersionLoggerListener.log 명령 행 아규먼트:  --add-opens=java.base/java.io=ALL-UNNAMED
11-May-2023 10:09:35.026 INFO [main] org.apache.catalina.startup.VersionLoggerListener.log 명령 행 아규먼트:  --add-opens=java.base/java.util=ALL-UNNAMED
11-May-2023 10:09:35.027 INFO [main] org.apache.catalina.startup.VersionLoggerListener.log 명령 행 아규먼트:  --add-opens=java.base/java.util.concurrent=ALL-UNNAMED
11-May-2023 10:09:35.027 INFO [main] org.apache.catalina.startup.VersionLoggerListener.log 명령 행 아규먼트:  --add-opens=java.rmi/sun.rmi.transport=ALL-UNNAMED
11-May-2023 10:09:35.028 INFO [main] org.apache.catalina.startup.VersionLoggerListener.log 명령 행 아규먼트:  -Djava.util.logging.config.file=C:\Users\Administrator\Documents\풀스텍과정_홍성민\apache-tomcat-9.0.73\conf\logging.properties
11-May-2023 10:09:35.028 INFO [main] org.apache.catalina.startup.VersionLoggerListener.log 명령 행 아규먼트:  -Djava.util.logging.manager=org.apache.juli.ClassLoaderLogManager
11-May-2023 10:09:35.029 INFO [main] org.apache.catalina.startup.VersionLoggerListener.log 명령 행 아규먼트:  -Djdk.tls.ephemeralDHKeySize=2048
11-May-2023 10:09:35.029 INFO [main] org.apache.catalina.startup.VersionLoggerListener.log 명령 행 아규먼트:  -Djava.protocol.handler.pkgs=org.apache.catalina.webresources
11-May-2023 10:09:35.029 INFO [main] org.apache.catalina.startup.VersionLoggerListener.log 명령 행 아규먼트:  -Dignore.endorsed.dirs=
11-May-2023 10:09:35.031 INFO [main] org.apache.catalina.startup.VersionLoggerListener.log 명령 행 아규먼트:  -Dcatalina.base=C:\Users\Administrator\Documents\풀스텍과정_홍성민\apache-tomcat-9.0.73
11-May-2023 10:09:35.031 INFO [main] org.apache.catalina.startup.VersionLoggerListener.log 명령 행 아규먼트:  -Dcatalina.home=C:\Users\Administrator\Documents\풀스텍과정_홍성민\apache-tomcat-9.0.73
11-May-2023 10:09:35.032 INFO [main] org.apache.catalina.startup.VersionLoggerListener.log 명령 행 아규먼트:  -Djava.io.tmpdir=C:\Users\Administrator\Documents\풀스텍과정_홍성민\apache-tomcat-9.0.73\temp
11-May-2023 10:09:35.036 INFO [main] org.apache.catalina.core.AprLifecycleListener.lifecycleEvent APR 버전 [1.7.2]을(를) 사용한, APR 기반 Apache Tomcat Native 라이브러리 [1.2.36]을(를) 로드했습니다.
11-May-2023 10:09:35.037 INFO [main] org.apache.catalina.core.AprLifecycleListener.lifecycleEvent APR 용량정보들: IPv6 [true], sendfile [true], accept filters [false], random [true], UDS [true].
11-May-2023 10:09:35.037 INFO [main] org.apache.catalina.core.AprLifecycleListener.lifecycleEvent APR/OpenSSL 설정: useAprConnector [false], useOpenSSL [true]
11-May-2023 10:09:35.042 INFO [main] org.apache.catalina.core.AprLifecycleListener.initializeSSL OpenSSL이 성공적으로 초기화되었습니다: [OpenSSL 1.1.1t  7 Feb 2023]
11-May-2023 10:09:35.305 INFO [main] org.apache.coyote.AbstractProtocol.init 프로토콜 핸들러 ["http-nio-8080"]을(를) 초기화합니다.
11-May-2023 10:09:35.320 SEVERE [main] org.apache.catalina.util.LifecycleBase.handleSubClassException 구성요소 [Connector[HTTP/1.1-8080]]을(를) 초기화하지 못했습니다.
	org.apache.catalina.LifecycleException: 프로토콜 핸들러 초기화가 실패했습니다.
		at org.apache.catalina.connector.Connector.initInternal(Connector.java:1014)
		at org.apache.catalina.util.LifecycleBase.init(LifecycleBase.java:136)
		at org.apache.catalina.core.StandardService.initInternal(StandardService.java:549)
		at org.apache.catalina.util.LifecycleBase.init(LifecycleBase.java:136)
		at org.apache.catalina.core.StandardServer.initInternal(StandardServer.java:1032)
		at org.apache.catalina.util.LifecycleBase.init(LifecycleBase.java:136)
		at org.apache.catalina.startup.Catalina.load(Catalina.java:724)
		at org.apache.catalina.startup.Catalina.load(Catalina.java:746)
		at java.base/jdk.internal.reflect.NativeMethodAccessorImpl.invoke0(Native Method)
		at java.base/jdk.internal.reflect.NativeMethodAccessorImpl.invoke(NativeMethodAccessorImpl.java:62)
		at java.base/jdk.internal.reflect.DelegatingMethodAccessorImpl.invoke(DelegatingMethodAccessorImpl.java:43)
		at java.base/java.lang.reflect.Method.invoke(Method.java:566)
		at org.apache.catalina.startup.Bootstrap.load(Bootstrap.java:307)
		at org.apache.catalina.startup.Bootstrap.main(Bootstrap.java:477)
	Caused by: java.net.BindException: Address already in use: bind
		at java.base/sun.nio.ch.Net.bind0(Native Method)
		at java.base/sun.nio.ch.Net.bind(Net.java:461)
		at java.base/sun.nio.ch.Net.bind(Net.java:453)
		at java.base/sun.nio.ch.ServerSocketChannelImpl.bind(ServerSocketChannelImpl.java:227)
		at org.apache.tomcat.util.net.NioEndpoint.initServerSocket(NioEndpoint.java:276)
		at org.apache.tomcat.util.net.NioEndpoint.bind(NioEndpoint.java:231)
		at org.apache.tomcat.util.net.AbstractEndpoint.bindWithCleanup(AbstractEndpoint.java:1302)
		at org.apache.tomcat.util.net.AbstractEndpoint.init(AbstractEndpoint.java:1315)
		at org.apache.coyote.AbstractProtocol.init(AbstractProtocol.java:652)
		at org.apache.coyote.http11.AbstractHttp11Protocol.init(AbstractHttp11Protocol.java:75)
		at org.apache.catalina.connector.Connector.initInternal(Connector.java:1012)
		... 13 more
11-May-2023 10:09:35.322 INFO [main] org.apache.catalina.startup.Catalina.load [523] 밀리초 내에 서버가 초기화되었습니다.
11-May-2023 10:09:35.374 INFO [main] org.apache.catalina.core.StandardService.startInternal 서비스 [Catalina]을(를) 시작합니다.
11-May-2023 10:09:35.375 INFO [main] org.apache.catalina.core.StandardEngine.startInternal 서버 엔진을 시작합니다: [Apache Tomcat/9.0.73]
11-May-2023 10:09:35.384 INFO [main] org.apache.catalina.startup.HostConfig.deployDirectory 웹 애플리케이션 디렉토리 [C:\Users\Administrator\Documents\풀스텍과정_홍성민\apache-tomcat-9.0.73\webapps\docs]을(를) 배치합니다.
11-May-2023 10:09:35.803 INFO [main] org.apache.catalina.startup.HostConfig.deployDirectory 웹 애플리케이션 디렉토리 [C:\Users\Administrator\Documents\풀스텍과정_홍성민\apache-tomcat-9.0.73\webapps\docs]에 대한 배치가 [418] 밀리초에 완료되었습니다.
11-May-2023 10:09:35.804 INFO [main] org.apache.catalina.startup.HostConfig.deployDirectory 웹 애플리케이션 디렉토리 [C:\Users\Administrator\Documents\풀스텍과정_홍성민\apache-tomcat-9.0.73\webapps\examples]을(를) 배치합니다.
11-May-2023 10:09:36.261 INFO [main] org.apache.catalina.startup.HostConfig.deployDirectory 웹 애플리케이션 디렉토리 [C:\Users\Administrator\Documents\풀스텍과정_홍성민\apache-tomcat-9.0.73\webapps\examples]에 대한 배치가 [457] 밀리초에 완료되었습니다.
11-May-2023 10:09:36.266 INFO [main] org.apache.catalina.startup.HostConfig.deployDirectory 웹 애플리케이션 디렉토리 [C:\Users\Administrator\Documents\풀스텍과정_홍성민\apache-tomcat-9.0.73\webapps\host-manager]을(를) 배치합니다.
11-May-2023 10:09:36.338 INFO [main] org.apache.catalina.startup.HostConfig.deployDirectory 웹 애플리케이션 디렉토리 [C:\Users\Administrator\Documents\풀스텍과정_홍성민\apache-tomcat-9.0.73\webapps\host-manager]에 대한 배치가 [73] 밀리초에 완료되었습니다.
11-May-2023 10:09:36.340 INFO [main] org.apache.catalina.startup.HostConfig.deployDirectory 웹 애플리케이션 디렉토리 [C:\Users\Administrator\Documents\풀스텍과정_홍성민\apache-tomcat-9.0.73\webapps\manager]을(를) 배치합니다.
11-May-2023 10:09:36.412 INFO [main] org.apache.catalina.startup.HostConfig.deployDirectory 웹 애플리케이션 디렉토리 [C:\Users\Administrator\Documents\풀스텍과정_홍성민\apache-tomcat-9.0.73\webapps\manager]에 대한 배치가 [72] 밀리초에 완료되었습니다.
11-May-2023 10:09:36.414 INFO [main] org.apache.catalina.startup.HostConfig.deployDirectory 웹 애플리케이션 디렉토리 [C:\Users\Administrator\Documents\풀스텍과정_홍성민\apache-tomcat-9.0.73\webapps\ROOT]을(를) 배치합니다.
11-May-2023 10:09:37.217 INFO [main] org.apache.jasper.servlet.TldScanner.scanJars 적어도 하나의 JAR가 TLD들을 찾기 위해 스캔되었으나 아무 것도 찾지 못했습니다. 스캔했으나 TLD가 없는 JAR들의 전체 목록을 보시려면, 로그 레벨을 디버그 레벨로 설정하십시오. 스캔 과정에서 불필요한 JAR들을 건너뛰면, 시스템 시작 시간과 JSP 컴파일 시간을 단축시킬 수 있습니다.
11-May-2023 10:09:37.255 INFO [main] org.apache.catalina.startup.HostConfig.deployDirectory 웹 애플리케이션 디렉토리 [C:\Users\Administrator\Documents\풀스텍과정_홍성민\apache-tomcat-9.0.73\webapps\ROOT]에 대한 배치가 [841] 밀리초에 완료되었습니다.
11-May-2023 10:09:37.260 INFO [main] org.apache.catalina.startup.Catalina.start 서버가 [1937] 밀리초 내에 시작되었습니다.
11-May-2023 10:09:37.265 SEVERE [main] org.apache.catalina.core.StandardServer.await 주소 [localhost]와(과) 포트 [8005]에, 서버 셧다운 소켓을 생성하지 못했습니다. (base 포트 [8005], offset [0])
	java.net.BindException: Address already in use: NET_Bind
		at java.base/java.net.PlainSocketImpl.bind0(Native Method)
		at java.base/java.net.PlainSocketImpl.socketBind(PlainSocketImpl.java:132)
		at java.base/java.net.AbstractPlainSocketImpl.bind(AbstractPlainSocketImpl.java:436)
		at java.base/java.net.ServerSocket.bind(ServerSocket.java:381)
		at java.base/java.net.ServerSocket.<init>(ServerSocket.java:243)
		at org.apache.catalina.core.StandardServer.await(StandardServer.java:580)
		at org.apache.catalina.startup.Catalina.await(Catalina.java:864)
		at org.apache.catalina.startup.Catalina.start(Catalina.java:810)
		at java.base/jdk.internal.reflect.NativeMethodAccessorImpl.invoke0(Native Method)
		at java.base/jdk.internal.reflect.NativeMethodAccessorImpl.invoke(NativeMethodAccessorImpl.java:62)
		at java.base/jdk.internal.reflect.DelegatingMethodAccessorImpl.invoke(DelegatingMethodAccessorImpl.java:43)
		at java.base/java.lang.reflect.Method.invoke(Method.java:566)
		at org.apache.catalina.startup.Bootstrap.start(Bootstrap.java:347)
		at org.apache.catalina.startup.Bootstrap.main(Bootstrap.java:478)
11-May-2023 10:09:37.266 INFO [main] org.apache.coyote.AbstractProtocol.pause 프로토콜 핸들러 ["http-nio-8080"]을(를) 일시 정지 중
11-May-2023 10:09:37.267 INFO [main] org.apache.catalina.core.StandardService.stopInternal 서비스 [Catalina]을(를) 중지시킵니다.
11-May-2023 10:09:37.287 INFO [main] org.apache.coyote.AbstractProtocol.stop 프로토콜 핸들러 ["http-nio-8080"]을(를) 중지시킵니다.
11-May-2023 10:09:37.289 INFO [main] org.apache.coyote.AbstractProtocol.destroy 프로토콜 핸들러 ["http-nio-8080"]을(를) 소멸시킵니다.
11-May-2023 10:14:23.302 INFO [main] org.apache.catalina.startup.VersionLoggerListener.log 서버 버전 이름:    Apache Tomcat/9.0.73
11-May-2023 10:14:23.302 INFO [main] org.apache.catalina.startup.VersionLoggerListener.log Server 빌드 시각:  Feb 27 2023 15:33:40 UTC
11-May-2023 10:14:23.302 INFO [main] org.apache.catalina.startup.VersionLoggerListener.log Server 버전 번호:  9.0.73.0
11-May-2023 10:14:23.302 INFO [main] org.apache.catalina.startup.VersionLoggerListener.log 운영체제 이름:     Windows 10
11-May-2023 10:14:23.302 INFO [main] org.apache.catalina.startup.VersionLoggerListener.log 운영체제 버전:     10.0
11-May-2023 10:14:23.302 INFO [main] org.apache.catalina.startup.VersionLoggerListener.log 아키텍처:          amd64
11-May-2023 10:14:23.302 INFO [main] org.apache.catalina.startup.VersionLoggerListener.log 자바 홈:           C:\Program Files\java\jdk-11
11-May-2023 10:14:23.302 INFO [main] org.apache.catalina.startup.VersionLoggerListener.log JVM 버전:          11+28
11-May-2023 10:14:23.302 INFO [main] org.apache.catalina.startup.VersionLoggerListener.log JVM 벤더:          Oracle Corporation
11-May-2023 10:14:23.302 INFO [main] org.apache.catalina.startup.VersionLoggerListener.log CATALINA_BASE:     C:\Users\Administrator\Documents\풀스텍과정_홍성민\apache-tomcat-9.0.73
11-May-2023 10:14:23.302 INFO [main] org.apache.catalina.startup.VersionLoggerListener.log CATALINA_HOME:     C:\Users\Administrator\Documents\풀스텍과정_홍성민\apache-tomcat-9.0.73
11-May-2023 10:14:23.318 INFO [main] org.apache.catalina.startup.VersionLoggerListener.log 명령 행 아규먼트:  --add-opens=java.base/java.lang=ALL-UNNAMED
11-May-2023 10:14:23.318 INFO [main] org.apache.catalina.startup.VersionLoggerListener.log 명령 행 아규먼트:  --add-opens=java.base/java.io=ALL-UNNAMED
11-May-2023 10:14:23.318 INFO [main] org.apache.catalina.startup.VersionLoggerListener.log 명령 행 아규먼트:  --add-opens=java.base/java.util=ALL-UNNAMED
11-May-2023 10:14:23.318 INFO [main] org.apache.catalina.startup.VersionLoggerListener.log 명령 행 아규먼트:  --add-opens=java.base/java.util.concurrent=ALL-UNNAMED
11-May-2023 10:14:23.318 INFO [main] org.apache.catalina.startup.VersionLoggerListener.log 명령 행 아규먼트:  --add-opens=java.rmi/sun.rmi.transport=ALL-UNNAMED
11-May-2023 10:14:23.318 INFO [main] org.apache.catalina.startup.VersionLoggerListener.log 명령 행 아규먼트:  -Djava.util.logging.config.file=C:\Users\Administrator\Documents\풀스텍과정_홍성민\apache-tomcat-9.0.73\conf\logging.properties
11-May-2023 10:14:23.318 INFO [main] org.apache.catalina.startup.VersionLoggerListener.log 명령 행 아규먼트:  -Djava.util.logging.manager=org.apache.juli.ClassLoaderLogManager
11-May-2023 10:14:23.318 INFO [main] org.apache.catalina.startup.VersionLoggerListener.log 명령 행 아규먼트:  -Djdk.tls.ephemeralDHKeySize=2048
11-May-2023 10:14:23.318 INFO [main] org.apache.catalina.startup.VersionLoggerListener.log 명령 행 아규먼트:  -Djava.protocol.handler.pkgs=org.apache.catalina.webresources
11-May-2023 10:14:23.318 INFO [main] org.apache.catalina.startup.VersionLoggerListener.log 명령 행 아규먼트:  -Dignore.endorsed.dirs=
11-May-2023 10:14:23.318 INFO [main] org.apache.catalina.startup.VersionLoggerListener.log 명령 행 아규먼트:  -Dcatalina.base=C:\Users\Administrator\Documents\풀스텍과정_홍성민\apache-tomcat-9.0.73
11-May-2023 10:14:23.318 INFO [main] org.apache.catalina.startup.VersionLoggerListener.log 명령 행 아규먼트:  -Dcatalina.home=C:\Users\Administrator\Documents\풀스텍과정_홍성민\apache-tomcat-9.0.73
11-May-2023 10:14:23.318 INFO [main] org.apache.catalina.startup.VersionLoggerListener.log 명령 행 아규먼트:  -Djava.io.tmpdir=C:\Users\Administrator\Documents\풀스텍과정_홍성민\apache-tomcat-9.0.73\temp
11-May-2023 10:14:23.318 INFO [main] org.apache.catalina.core.AprLifecycleListener.lifecycleEvent APR 버전 [1.7.2]을(를) 사용한, APR 기반 Apache Tomcat Native 라이브러리 [1.2.36]을(를) 로드했습니다.
11-May-2023 10:14:23.318 INFO [main] org.apache.catalina.core.AprLifecycleListener.lifecycleEvent APR 용량정보들: IPv6 [true], sendfile [true], accept filters [false], random [true], UDS [true].
11-May-2023 10:14:23.318 INFO [main] org.apache.catalina.core.AprLifecycleListener.lifecycleEvent APR/OpenSSL 설정: useAprConnector [false], useOpenSSL [true]
11-May-2023 10:14:23.333 INFO [main] org.apache.catalina.core.AprLifecycleListener.initializeSSL OpenSSL이 성공적으로 초기화되었습니다: [OpenSSL 1.1.1t  7 Feb 2023]
11-May-2023 10:14:23.568 INFO [main] org.apache.coyote.AbstractProtocol.init 프로토콜 핸들러 ["http-nio-8080"]을(를) 초기화합니다.
11-May-2023 10:14:23.599 INFO [main] org.apache.catalina.startup.Catalina.load [492] 밀리초 내에 서버가 초기화되었습니다.
11-May-2023 10:14:23.646 INFO [main] org.apache.catalina.core.StandardService.startInternal 서비스 [Catalina]을(를) 시작합니다.
11-May-2023 10:14:23.646 INFO [main] org.apache.catalina.core.StandardEngine.startInternal 서버 엔진을 시작합니다: [Apache Tomcat/9.0.73]
11-May-2023 10:14:23.661 INFO [main] org.apache.catalina.startup.HostConfig.deployDirectory 웹 애플리케이션 디렉토리 [C:\Users\Administrator\Documents\풀스텍과정_홍성민\apache-tomcat-9.0.73\webapps\docs]을(를) 배치합니다.
11-May-2023 10:14:24.021 INFO [main] org.apache.catalina.startup.HostConfig.deployDirectory 웹 애플리케이션 디렉토리 [C:\Users\Administrator\Documents\풀스텍과정_홍성민\apache-tomcat-9.0.73\webapps\docs]에 대한 배치가 [360] 밀리초에 완료되었습니다.
11-May-2023 10:14:24.021 INFO [main] org.apache.catalina.startup.HostConfig.deployDirectory 웹 애플리케이션 디렉토리 [C:\Users\Administrator\Documents\풀스텍과정_홍성민\apache-tomcat-9.0.73\webapps\examples]을(를) 배치합니다.
11-May-2023 10:14:24.458 INFO [main] org.apache.catalina.startup.HostConfig.deployDirectory 웹 애플리케이션 디렉토리 [C:\Users\Administrator\Documents\풀스텍과정_홍성민\apache-tomcat-9.0.73\webapps\examples]에 대한 배치가 [437] 밀리초에 완료되었습니다.
11-May-2023 10:14:24.458 INFO [main] org.apache.catalina.startup.HostConfig.deployDirectory 웹 애플리케이션 디렉토리 [C:\Users\Administrator\Documents\풀스텍과정_홍성민\apache-tomcat-9.0.73\webapps\host-manager]을(를) 배치합니다.
11-May-2023 10:14:24.505 INFO [main] org.apache.catalina.startup.HostConfig.deployDirectory 웹 애플리케이션 디렉토리 [C:\Users\Administrator\Documents\풀스텍과정_홍성민\apache-tomcat-9.0.73\webapps\host-manager]에 대한 배치가 [47] 밀리초에 완료되었습니다.
11-May-2023 10:14:24.505 INFO [main] org.apache.catalina.startup.HostConfig.deployDirectory 웹 애플리케이션 디렉토리 [C:\Users\Administrator\Documents\풀스텍과정_홍성민\apache-tomcat-9.0.73\webapps\manager]을(를) 배치합니다.
11-May-2023 10:14:24.536 INFO [main] org.apache.catalina.startup.HostConfig.deployDirectory 웹 애플리케이션 디렉토리 [C:\Users\Administrator\Documents\풀스텍과정_홍성민\apache-tomcat-9.0.73\webapps\manager]에 대한 배치가 [31] 밀리초에 완료되었습니다.
11-May-2023 10:14:24.536 INFO [main] org.apache.catalina.startup.HostConfig.deployDirectory 웹 애플리케이션 디렉토리 [C:\Users\Administrator\Documents\풀스텍과정_홍성민\apache-tomcat-9.0.73\webapps\ROOT]을(를) 배치합니다.
11-May-2023 10:14:25.067 INFO [main] org.apache.jasper.servlet.TldScanner.scanJars 적어도 하나의 JAR가 TLD들을 찾기 위해 스캔되었으나 아무 것도 찾지 못했습니다. 스캔했으나 TLD가 없는 JAR들의 전체 목록을 보시려면, 로그 레벨을 디버그 레벨로 설정하십시오. 스캔 과정에서 불필요한 JAR들을 건너뛰면, 시스템 시작 시간과 JSP 컴파일 시간을 단축시킬 수 있습니다.
11-May-2023 10:14:25.105 INFO [main] org.apache.catalina.startup.HostConfig.deployDirectory 웹 애플리케이션 디렉토리 [C:\Users\Administrator\Documents\풀스텍과정_홍성민\apache-tomcat-9.0.73\webapps\ROOT]에 대한 배치가 [569] 밀리초에 완료되었습니다.
11-May-2023 10:14:25.121 INFO [main] org.apache.coyote.AbstractProtocol.start 프로토콜 핸들러 ["http-nio-8080"]을(를) 시작합니다.
11-May-2023 10:14:25.194 INFO [main] org.apache.catalina.startup.Catalina.start 서버가 [1600] 밀리초 내에 시작되었습니다.
11-May-2023 10:48:25.656 INFO [main] org.apache.catalina.core.StandardServer.await 셧다운 포트를 통해 유효한 셧다운 명령을 받았습니다. 서버 인스턴스를 중지시킵니다.
11-May-2023 10:48:25.656 INFO [main] org.apache.coyote.AbstractProtocol.pause 프로토콜 핸들러 ["http-nio-8080"]을(를) 일시 정지 중
11-May-2023 10:48:25.722 INFO [main] org.apache.catalina.core.StandardService.stopInternal 서비스 [Catalina]을(를) 중지시킵니다.
11-May-2023 10:48:25.735 WARNING [main] org.apache.catalina.loader.WebappClassLoaderBase.clearReferencesJdbc 웹 애플리케이션 [ROOT]이(가) JDBC 드라이버 [com.mysql.cj.jdbc.Driver]을(를) 등록했지만, 웹 애플리케이션이 중지될 때, 해당 JDBC 드라이버의 등록을 제거하지 못했습니다. 메모리 누수를 방지하기 위하여, 등록을 강제로 제거했습니다.
11-May-2023 10:48:25.735 WARNING [main] org.apache.catalina.loader.WebappClassLoaderBase.clearReferencesThreads 웹 애플리케이션 [ROOT]이(가) [mysql-cj-abandoned-connection-cleanup](이)라는 이름의 쓰레드를 시작시킨 것으로 보이지만, 해당 쓰레드를 중지시키지 못했습니다. 이는 메모리 누수를 유발할 가능성이 큽니다. 해당 쓰레드의 스택 트레이스:
 java.base@11/java.lang.Object.wait(Native Method)
 java.base@11/java.lang.ref.ReferenceQueue.remove(ReferenceQueue.java:155)
 com.mysql.cj.jdbc.AbandonedConnectionCleanupThread.run(AbandonedConnectionCleanupThread.java:91)
 java.base@11/java.util.concurrent.ThreadPoolExecutor.runWorker(ThreadPoolExecutor.java:1128)
 java.base@11/java.util.concurrent.ThreadPoolExecutor$Worker.run(ThreadPoolExecutor.java:628)
 java.base@11/java.lang.Thread.run(Thread.java:834)
11-May-2023 10:48:25.751 INFO [main] org.apache.coyote.AbstractProtocol.stop 프로토콜 핸들러 ["http-nio-8080"]을(를) 중지시킵니다.
11-May-2023 10:48:25.766 INFO [main] org.apache.coyote.AbstractProtocol.destroy 프로토콜 핸들러 ["http-nio-8080"]을(를) 소멸시킵니다.
11-May-2023 10:48:28.724 INFO [main] org.apache.catalina.startup.VersionLoggerListener.log 서버 버전 이름:    Apache Tomcat/9.0.73
11-May-2023 10:48:28.724 INFO [main] org.apache.catalina.startup.VersionLoggerListener.log Server 빌드 시각:  Feb 27 2023 15:33:40 UTC
11-May-2023 10:48:28.724 INFO [main] org.apache.catalina.startup.VersionLoggerListener.log Server 버전 번호:  9.0.73.0
11-May-2023 10:48:28.724 INFO [main] org.apache.catalina.startup.VersionLoggerListener.log 운영체제 이름:     Windows 10
11-May-2023 10:48:28.724 INFO [main] org.apache.catalina.startup.VersionLoggerListener.log 운영체제 버전:     10.0
11-May-2023 10:48:28.724 INFO [main] org.apache.catalina.startup.VersionLoggerListener.log 아키텍처:          amd64
11-May-2023 10:48:28.724 INFO [main] org.apache.catalina.startup.VersionLoggerListener.log 자바 홈:           C:\Program Files\java\jdk-11
11-May-2023 10:48:28.724 INFO [main] org.apache.catalina.startup.VersionLoggerListener.log JVM 버전:          11+28
11-May-2023 10:48:28.724 INFO [main] org.apache.catalina.startup.VersionLoggerListener.log JVM 벤더:          Oracle Corporation
11-May-2023 10:48:28.724 INFO [main] org.apache.catalina.startup.VersionLoggerListener.log CATALINA_BASE:     C:\Users\Administrator\Documents\풀스텍과정_홍성민\apache-tomcat-9.0.73
11-May-2023 10:48:28.724 INFO [main] org.apache.catalina.startup.VersionLoggerListener.log CATALINA_HOME:     C:\Users\Administrator\Documents\풀스텍과정_홍성민\apache-tomcat-9.0.73
11-May-2023 10:48:28.740 INFO [main] org.apache.catalina.startup.VersionLoggerListener.log 명령 행 아규먼트:  --add-opens=java.base/java.lang=ALL-UNNAMED
11-May-2023 10:48:28.740 INFO [main] org.apache.catalina.startup.VersionLoggerListener.log 명령 행 아규먼트:  --add-opens=java.base/java.io=ALL-UNNAMED
11-May-2023 10:48:28.740 INFO [main] org.apache.catalina.startup.VersionLoggerListener.log 명령 행 아규먼트:  --add-opens=java.base/java.util=ALL-UNNAMED
11-May-2023 10:48:28.740 INFO [main] org.apache.catalina.startup.VersionLoggerListener.log 명령 행 아규먼트:  --add-opens=java.base/java.util.concurrent=ALL-UNNAMED
11-May-2023 10:48:28.740 INFO [main] org.apache.catalina.startup.VersionLoggerListener.log 명령 행 아규먼트:  --add-opens=java.rmi/sun.rmi.transport=ALL-UNNAMED
11-May-2023 10:48:28.740 INFO [main] org.apache.catalina.startup.VersionLoggerListener.log 명령 행 아규먼트:  -Djava.util.logging.config.file=C:\Users\Administrator\Documents\풀스텍과정_홍성민\apache-tomcat-9.0.73\conf\logging.properties
11-May-2023 10:48:28.740 INFO [main] org.apache.catalina.startup.VersionLoggerListener.log 명령 행 아규먼트:  -Djava.util.logging.manager=org.apache.juli.ClassLoaderLogManager
11-May-2023 10:48:28.740 INFO [main] org.apache.catalina.startup.VersionLoggerListener.log 명령 행 아규먼트:  -Djdk.tls.ephemeralDHKeySize=2048
11-May-2023 10:48:28.740 INFO [main] org.apache.catalina.startup.VersionLoggerListener.log 명령 행 아규먼트:  -Djava.protocol.handler.pkgs=org.apache.catalina.webresources
11-May-2023 10:48:28.740 INFO [main] org.apache.catalina.startup.VersionLoggerListener.log 명령 행 아규먼트:  -Dignore.endorsed.dirs=
11-May-2023 10:48:28.740 INFO [main] org.apache.catalina.startup.VersionLoggerListener.log 명령 행 아규먼트:  -Dcatalina.base=C:\Users\Administrator\Documents\풀스텍과정_홍성민\apache-tomcat-9.0.73
11-May-2023 10:48:28.740 INFO [main] org.apache.catalina.startup.VersionLoggerListener.log 명령 행 아규먼트:  -Dcatalina.home=C:\Users\Administrator\Documents\풀스텍과정_홍성민\apache-tomcat-9.0.73
11-May-2023 10:48:28.740 INFO [main] org.apache.catalina.startup.VersionLoggerListener.log 명령 행 아규먼트:  -Djava.io.tmpdir=C:\Users\Administrator\Documents\풀스텍과정_홍성민\apache-tomcat-9.0.73\temp
11-May-2023 10:48:28.756 INFO [main] org.apache.catalina.core.AprLifecycleListener.lifecycleEvent APR 버전 [1.7.2]을(를) 사용한, APR 기반 Apache Tomcat Native 라이브러리 [1.2.36]을(를) 로드했습니다.
11-May-2023 10:48:28.756 INFO [main] org.apache.catalina.core.AprLifecycleListener.lifecycleEvent APR 용량정보들: IPv6 [true], sendfile [true], accept filters [false], random [true], UDS [true].
11-May-2023 10:48:28.756 INFO [main] org.apache.catalina.core.AprLifecycleListener.lifecycleEvent APR/OpenSSL 설정: useAprConnector [false], useOpenSSL [true]
11-May-2023 10:48:28.756 INFO [main] org.apache.catalina.core.AprLifecycleListener.initializeSSL OpenSSL이 성공적으로 초기화되었습니다: [OpenSSL 1.1.1t  7 Feb 2023]
11-May-2023 10:48:29.021 INFO [main] org.apache.coyote.AbstractProtocol.init 프로토콜 핸들러 ["http-nio-8080"]을(를) 초기화합니다.
11-May-2023 10:48:29.037 INFO [main] org.apache.catalina.startup.Catalina.load [511] 밀리초 내에 서버가 초기화되었습니다.
11-May-2023 10:48:29.084 INFO [main] org.apache.catalina.core.StandardService.startInternal 서비스 [Catalina]을(를) 시작합니다.
11-May-2023 10:48:29.084 INFO [main] org.apache.catalina.core.StandardEngine.startInternal 서버 엔진을 시작합니다: [Apache Tomcat/9.0.73]
11-May-2023 10:48:29.099 INFO [main] org.apache.catalina.startup.HostConfig.deployDirectory 웹 애플리케이션 디렉토리 [C:\Users\Administrator\Documents\풀스텍과정_홍성민\apache-tomcat-9.0.73\webapps\docs]을(를) 배치합니다.
11-May-2023 10:48:29.443 INFO [main] org.apache.catalina.startup.HostConfig.deployDirectory 웹 애플리케이션 디렉토리 [C:\Users\Administrator\Documents\풀스텍과정_홍성민\apache-tomcat-9.0.73\webapps\docs]에 대한 배치가 [344] 밀리초에 완료되었습니다.
11-May-2023 10:48:29.443 INFO [main] org.apache.catalina.startup.HostConfig.deployDirectory 웹 애플리케이션 디렉토리 [C:\Users\Administrator\Documents\풀스텍과정_홍성민\apache-tomcat-9.0.73\webapps\examples]을(를) 배치합니다.
11-May-2023 10:48:29.892 INFO [main] org.apache.catalina.startup.HostConfig.deployDirectory 웹 애플리케이션 디렉토리 [C:\Users\Administrator\Documents\풀스텍과정_홍성민\apache-tomcat-9.0.73\webapps\examples]에 대한 배치가 [449] 밀리초에 완료되었습니다.
11-May-2023 10:48:29.892 INFO [main] org.apache.catalina.startup.HostConfig.deployDirectory 웹 애플리케이션 디렉토리 [C:\Users\Administrator\Documents\풀스텍과정_홍성민\apache-tomcat-9.0.73\webapps\host-manager]을(를) 배치합니다.
11-May-2023 10:48:29.939 INFO [main] org.apache.catalina.startup.HostConfig.deployDirectory 웹 애플리케이션 디렉토리 [C:\Users\Administrator\Documents\풀스텍과정_홍성민\apache-tomcat-9.0.73\webapps\host-manager]에 대한 배치가 [47] 밀리초에 완료되었습니다.
11-May-2023 10:48:29.939 INFO [main] org.apache.catalina.startup.HostConfig.deployDirectory 웹 애플리케이션 디렉토리 [C:\Users\Administrator\Documents\풀스텍과정_홍성민\apache-tomcat-9.0.73\webapps\manager]을(를) 배치합니다.
11-May-2023 10:48:29.986 INFO [main] org.apache.catalina.startup.HostConfig.deployDirectory 웹 애플리케이션 디렉토리 [C:\Users\Administrator\Documents\풀스텍과정_홍성민\apache-tomcat-9.0.73\webapps\manager]에 대한 배치가 [47] 밀리초에 완료되었습니다.
11-May-2023 10:48:29.986 INFO [main] org.apache.catalina.startup.HostConfig.deployDirectory 웹 애플리케이션 디렉토리 [C:\Users\Administrator\Documents\풀스텍과정_홍성민\apache-tomcat-9.0.73\webapps\ROOT]을(를) 배치합니다.
11-May-2023 10:48:30.610 INFO [main] org.apache.jasper.servlet.TldScanner.scanJars 적어도 하나의 JAR가 TLD들을 찾기 위해 스캔되었으나 아무 것도 찾지 못했습니다. 스캔했으나 TLD가 없는 JAR들의 전체 목록을 보시려면, 로그 레벨을 디버그 레벨로 설정하십시오. 스캔 과정에서 불필요한 JAR들을 건너뛰면, 시스템 시작 시간과 JSP 컴파일 시간을 단축시킬 수 있습니다.
11-May-2023 10:48:30.657 INFO [main] org.apache.catalina.startup.HostConfig.deployDirectory 웹 애플리케이션 디렉토리 [C:\Users\Administrator\Documents\풀스텍과정_홍성민\apache-tomcat-9.0.73\webapps\ROOT]에 대한 배치가 [671] 밀리초에 완료되었습니다.
11-May-2023 10:48:30.657 INFO [main] org.apache.coyote.AbstractProtocol.start 프로토콜 핸들러 ["http-nio-8080"]을(를) 시작합니다.
11-May-2023 10:48:30.751 INFO [main] org.apache.catalina.startup.Catalina.start 서버가 [1706] 밀리초 내에 시작되었습니다.
11-May-2023 10:50:03.641 SEVERE [main] org.apache.catalina.startup.Catalina.stopServer [localhost:8005] (base 포트 [8005] 그리고 offset [0])와(과) 연결할 수 없었습니다. Tomcat이 실행 중이지 않을 수 있습니다.
11-May-2023 10:50:07.606 INFO [main] org.apache.catalina.startup.VersionLoggerListener.log 서버 버전 이름:    Apache Tomcat/9.0.73
11-May-2023 10:50:07.606 INFO [main] org.apache.catalina.startup.VersionLoggerListener.log Server 빌드 시각:  Feb 27 2023 15:33:40 UTC
11-May-2023 10:50:07.606 INFO [main] org.apache.catalina.startup.VersionLoggerListener.log Server 버전 번호:  9.0.73.0
11-May-2023 10:50:07.606 INFO [main] org.apache.catalina.startup.VersionLoggerListener.log 운영체제 이름:     Windows 10
11-May-2023 10:50:07.606 INFO [main] org.apache.catalina.startup.VersionLoggerListener.log 운영체제 버전:     10.0
11-May-2023 10:50:07.606 INFO [main] org.apache.catalina.startup.VersionLoggerListener.log 아키텍처:          amd64
11-May-2023 10:50:07.606 INFO [main] org.apache.catalina.startup.VersionLoggerListener.log 자바 홈:           C:\Program Files\java\jdk-11
11-May-2023 10:50:07.622 INFO [main] org.apache.catalina.startup.VersionLoggerListener.log JVM 버전:          11+28
11-May-2023 10:50:07.622 INFO [main] org.apache.catalina.startup.VersionLoggerListener.log JVM 벤더:          Oracle Corporation
11-May-2023 10:50:07.622 INFO [main] org.apache.catalina.startup.VersionLoggerListener.log CATALINA_BASE:     C:\Users\Administrator\Documents\풀스텍과정_홍성민\apache-tomcat-9.0.73
11-May-2023 10:50:07.622 INFO [main] org.apache.catalina.startup.VersionLoggerListener.log CATALINA_HOME:     C:\Users\Administrator\Documents\풀스텍과정_홍성민\apache-tomcat-9.0.73
11-May-2023 10:50:07.622 INFO [main] org.apache.catalina.startup.VersionLoggerListener.log 명령 행 아규먼트:  --add-opens=java.base/java.lang=ALL-UNNAMED
11-May-2023 10:50:07.622 INFO [main] org.apache.catalina.startup.VersionLoggerListener.log 명령 행 아규먼트:  --add-opens=java.base/java.io=ALL-UNNAMED
11-May-2023 10:50:07.622 INFO [main] org.apache.catalina.startup.VersionLoggerListener.log 명령 행 아규먼트:  --add-opens=java.base/java.util=ALL-UNNAMED
11-May-2023 10:50:07.622 INFO [main] org.apache.catalina.startup.VersionLoggerListener.log 명령 행 아규먼트:  --add-opens=java.base/java.util.concurrent=ALL-UNNAMED
11-May-2023 10:50:07.637 INFO [main] org.apache.catalina.startup.VersionLoggerListener.log 명령 행 아규먼트:  --add-opens=java.rmi/sun.rmi.transport=ALL-UNNAMED
11-May-2023 10:50:07.637 INFO [main] org.apache.catalina.startup.VersionLoggerListener.log 명령 행 아규먼트:  -Djava.util.logging.config.file=C:\Users\Administrator\Documents\풀스텍과정_홍성민\apache-tomcat-9.0.73\conf\logging.properties
11-May-2023 10:50:07.637 INFO [main] org.apache.catalina.startup.VersionLoggerListener.log 명령 행 아규먼트:  -Djava.util.logging.manager=org.apache.juli.ClassLoaderLogManager
11-May-2023 10:50:07.637 INFO [main] org.apache.catalina.startup.VersionLoggerListener.log 명령 행 아규먼트:  -Djdk.tls.ephemeralDHKeySize=2048
11-May-2023 10:50:07.637 INFO [main] org.apache.catalina.startup.VersionLoggerListener.log 명령 행 아규먼트:  -Djava.protocol.handler.pkgs=org.apache.catalina.webresources
11-May-2023 10:50:07.637 INFO [main] org.apache.catalina.startup.VersionLoggerListener.log 명령 행 아규먼트:  -Dignore.endorsed.dirs=
11-May-2023 10:50:07.637 INFO [main] org.apache.catalina.startup.VersionLoggerListener.log 명령 행 아규먼트:  -Dcatalina.base=C:\Users\Administrator\Documents\풀스텍과정_홍성민\apache-tomcat-9.0.73
11-May-2023 10:50:07.637 INFO [main] org.apache.catalina.startup.VersionLoggerListener.log 명령 행 아규먼트:  -Dcatalina.home=C:\Users\Administrator\Documents\풀스텍과정_홍성민\apache-tomcat-9.0.73
11-May-2023 10:50:07.637 INFO [main] org.apache.catalina.startup.VersionLoggerListener.log 명령 행 아규먼트:  -Djava.io.tmpdir=C:\Users\Administrator\Documents\풀스텍과정_홍성민\apache-tomcat-9.0.73\temp
11-May-2023 10:50:07.637 INFO [main] org.apache.catalina.core.AprLifecycleListener.lifecycleEvent APR 버전 [1.7.2]을(를) 사용한, APR 기반 Apache Tomcat Native 라이브러리 [1.2.36]을(를) 로드했습니다.
11-May-2023 10:50:07.637 INFO [main] org.apache.catalina.core.AprLifecycleListener.lifecycleEvent APR 용량정보들: IPv6 [true], sendfile [true], accept filters [false], random [true], UDS [true].
11-May-2023 10:50:07.637 INFO [main] org.apache.catalina.core.AprLifecycleListener.lifecycleEvent APR/OpenSSL 설정: useAprConnector [false], useOpenSSL [true]
11-May-2023 10:50:07.653 INFO [main] org.apache.catalina.core.AprLifecycleListener.initializeSSL OpenSSL이 성공적으로 초기화되었습니다: [OpenSSL 1.1.1t  7 Feb 2023]
11-May-2023 10:50:07.934 INFO [main] org.apache.coyote.AbstractProtocol.init 프로토콜 핸들러 ["http-nio-8080"]을(를) 초기화합니다.
11-May-2023 10:50:07.965 INFO [main] org.apache.catalina.startup.Catalina.load [562] 밀리초 내에 서버가 초기화되었습니다.
11-May-2023 10:50:08.012 INFO [main] org.apache.catalina.core.StandardService.startInternal 서비스 [Catalina]을(를) 시작합니다.
11-May-2023 10:50:08.012 INFO [main] org.apache.catalina.core.StandardEngine.startInternal 서버 엔진을 시작합니다: [Apache Tomcat/9.0.73]
11-May-2023 10:50:08.012 INFO [main] org.apache.catalina.startup.HostConfig.deployDirectory 웹 애플리케이션 디렉토리 [C:\Users\Administrator\Documents\풀스텍과정_홍성민\apache-tomcat-9.0.73\webapps\docs]을(를) 배치합니다.
11-May-2023 10:50:08.387 INFO [main] org.apache.catalina.startup.HostConfig.deployDirectory 웹 애플리케이션 디렉토리 [C:\Users\Administrator\Documents\풀스텍과정_홍성민\apache-tomcat-9.0.73\webapps\docs]에 대한 배치가 [375] 밀리초에 완료되었습니다.
11-May-2023 10:50:08.387 INFO [main] org.apache.catalina.startup.HostConfig.deployDirectory 웹 애플리케이션 디렉토리 [C:\Users\Administrator\Documents\풀스텍과정_홍성민\apache-tomcat-9.0.73\webapps\examples]을(를) 배치합니다.
11-May-2023 10:50:08.832 INFO [main] org.apache.catalina.startup.HostConfig.deployDirectory 웹 애플리케이션 디렉토리 [C:\Users\Administrator\Documents\풀스텍과정_홍성민\apache-tomcat-9.0.73\webapps\examples]에 대한 배치가 [445] 밀리초에 완료되었습니다.
11-May-2023 10:50:08.833 INFO [main] org.apache.catalina.startup.HostConfig.deployDirectory 웹 애플리케이션 디렉토리 [C:\Users\Administrator\Documents\풀스텍과정_홍성민\apache-tomcat-9.0.73\webapps\host-manager]을(를) 배치합니다.
11-May-2023 10:50:08.863 INFO [main] org.apache.catalina.startup.HostConfig.deployDirectory 웹 애플리케이션 디렉토리 [C:\Users\Administrator\Documents\풀스텍과정_홍성민\apache-tomcat-9.0.73\webapps\host-manager]에 대한 배치가 [30] 밀리초에 완료되었습니다.
11-May-2023 10:50:08.863 INFO [main] org.apache.catalina.startup.HostConfig.deployDirectory 웹 애플리케이션 디렉토리 [C:\Users\Administrator\Documents\풀스텍과정_홍성민\apache-tomcat-9.0.73\webapps\manager]을(를) 배치합니다.
11-May-2023 10:50:08.895 INFO [main] org.apache.catalina.startup.HostConfig.deployDirectory 웹 애플리케이션 디렉토리 [C:\Users\Administrator\Documents\풀스텍과정_홍성민\apache-tomcat-9.0.73\webapps\manager]에 대한 배치가 [32] 밀리초에 완료되었습니다.
11-May-2023 10:50:08.895 INFO [main] org.apache.catalina.startup.HostConfig.deployDirectory 웹 애플리케이션 디렉토리 [C:\Users\Administrator\Documents\풀스텍과정_홍성민\apache-tomcat-9.0.73\webapps\ROOT]을(를) 배치합니다.
11-May-2023 10:50:09.473 INFO [main] org.apache.jasper.servlet.TldScanner.scanJars 적어도 하나의 JAR가 TLD들을 찾기 위해 스캔되었으나 아무 것도 찾지 못했습니다. 스캔했으나 TLD가 없는 JAR들의 전체 목록을 보시려면, 로그 레벨을 디버그 레벨로 설정하십시오. 스캔 과정에서 불필요한 JAR들을 건너뛰면, 시스템 시작 시간과 JSP 컴파일 시간을 단축시킬 수 있습니다.
11-May-2023 10:50:09.504 INFO [main] org.apache.catalina.startup.HostConfig.deployDirectory 웹 애플리케이션 디렉토리 [C:\Users\Administrator\Documents\풀스텍과정_홍성민\apache-tomcat-9.0.73\webapps\ROOT]에 대한 배치가 [609] 밀리초에 완료되었습니다.
11-May-2023 10:50:09.504 INFO [main] org.apache.coyote.AbstractProtocol.start 프로토콜 핸들러 ["http-nio-8080"]을(를) 시작합니다.
11-May-2023 10:50:09.598 INFO [main] org.apache.catalina.startup.Catalina.start 서버가 [1633] 밀리초 내에 시작되었습니다.
11-May-2023 14:06:30.906 INFO [main] org.apache.catalina.startup.VersionLoggerListener.log 서버 버전 이름:    Apache Tomcat/9.0.73
11-May-2023 14:06:30.906 INFO [main] org.apache.catalina.startup.VersionLoggerListener.log Server 빌드 시각:  Feb 27 2023 15:33:40 UTC
11-May-2023 14:06:30.906 INFO [main] org.apache.catalina.startup.VersionLoggerListener.log Server 버전 번호:  9.0.73.0
11-May-2023 14:06:30.906 INFO [main] org.apache.catalina.startup.VersionLoggerListener.log 운영체제 이름:     Windows 10
11-May-2023 14:06:30.906 INFO [main] org.apache.catalina.startup.VersionLoggerListener.log 운영체제 버전:     10.0
11-May-2023 14:06:30.906 INFO [main] org.apache.catalina.startup.VersionLoggerListener.log 아키텍처:          amd64
11-May-2023 14:06:30.906 INFO [main] org.apache.catalina.startup.VersionLoggerListener.log 자바 홈:           C:\Program Files\java\jdk-11
11-May-2023 14:06:30.906 INFO [main] org.apache.catalina.startup.VersionLoggerListener.log JVM 버전:          11+28
11-May-2023 14:06:30.906 INFO [main] org.apache.catalina.startup.VersionLoggerListener.log JVM 벤더:          Oracle Corporation
11-May-2023 14:06:30.906 INFO [main] org.apache.catalina.startup.VersionLoggerListener.log CATALINA_BASE:     C:\Users\Administrator\Documents\풀스텍과정_홍성민\apache-tomcat-9.0.73
11-May-2023 14:06:30.906 INFO [main] org.apache.catalina.startup.VersionLoggerListener.log CATALINA_HOME:     C:\Users\Administrator\Documents\풀스텍과정_홍성민\apache-tomcat-9.0.73
11-May-2023 14:06:30.922 INFO [main] org.apache.catalina.startup.VersionLoggerListener.log 명령 행 아규먼트:  --add-opens=java.base/java.lang=ALL-UNNAMED
11-May-2023 14:06:30.922 INFO [main] org.apache.catalina.startup.VersionLoggerListener.log 명령 행 아규먼트:  --add-opens=java.base/java.io=ALL-UNNAMED
11-May-2023 14:06:30.922 INFO [main] org.apache.catalina.startup.VersionLoggerListener.log 명령 행 아규먼트:  --add-opens=java.base/java.util=ALL-UNNAMED
11-May-2023 14:06:30.922 INFO [main] org.apache.catalina.startup.VersionLoggerListener.log 명령 행 아규먼트:  --add-opens=java.base/java.util.concurrent=ALL-UNNAMED
11-May-2023 14:06:30.922 INFO [main] org.apache.catalina.startup.VersionLoggerListener.log 명령 행 아규먼트:  --add-opens=java.rmi/sun.rmi.transport=ALL-UNNAMED
11-May-2023 14:06:30.922 INFO [main] org.apache.catalina.startup.VersionLoggerListener.log 명령 행 아규먼트:  -Djava.util.logging.config.file=C:\Users\Administrator\Documents\풀스텍과정_홍성민\apache-tomcat-9.0.73\conf\logging.properties
11-May-2023 14:06:30.922 INFO [main] org.apache.catalina.startup.VersionLoggerListener.log 명령 행 아규먼트:  -Djava.util.logging.manager=org.apache.juli.ClassLoaderLogManager
11-May-2023 14:06:30.922 INFO [main] org.apache.catalina.startup.VersionLoggerListener.log 명령 행 아규먼트:  -Djdk.tls.ephemeralDHKeySize=2048
11-May-2023 14:06:30.922 INFO [main] org.apache.catalina.startup.VersionLoggerListener.log 명령 행 아규먼트:  -Djava.protocol.handler.pkgs=org.apache.catalina.webresources
11-May-2023 14:06:30.922 INFO [main] org.apache.catalina.startup.VersionLoggerListener.log 명령 행 아규먼트:  -Dignore.endorsed.dirs=
11-May-2023 14:06:30.922 INFO [main] org.apache.catalina.startup.VersionLoggerListener.log 명령 행 아규먼트:  -Dcatalina.base=C:\Users\Administrator\Documents\풀스텍과정_홍성민\apache-tomcat-9.0.73
11-May-2023 14:06:30.922 INFO [main] org.apache.catalina.startup.VersionLoggerListener.log 명령 행 아규먼트:  -Dcatalina.home=C:\Users\Administrator\Documents\풀스텍과정_홍성민\apache-tomcat-9.0.73
11-May-2023 14:06:30.922 INFO [main] org.apache.catalina.startup.VersionLoggerListener.log 명령 행 아규먼트:  -Djava.io.tmpdir=C:\Users\Administrator\Documents\풀스텍과정_홍성민\apache-tomcat-9.0.73\temp
11-May-2023 14:06:30.922 INFO [main] org.apache.catalina.core.AprLifecycleListener.lifecycleEvent APR 버전 [1.7.2]을(를) 사용한, APR 기반 Apache Tomcat Native 라이브러리 [1.2.36]을(를) 로드했습니다.
11-May-2023 14:06:30.937 INFO [main] org.apache.catalina.core.AprLifecycleListener.lifecycleEvent APR 용량정보들: IPv6 [true], sendfile [true], accept filters [false], random [true], UDS [true].
11-May-2023 14:06:30.937 INFO [main] org.apache.catalina.core.AprLifecycleListener.lifecycleEvent APR/OpenSSL 설정: useAprConnector [false], useOpenSSL [true]
11-May-2023 14:06:30.937 INFO [main] org.apache.catalina.core.AprLifecycleListener.initializeSSL OpenSSL이 성공적으로 초기화되었습니다: [OpenSSL 1.1.1t  7 Feb 2023]
11-May-2023 14:06:31.185 INFO [main] org.apache.coyote.AbstractProtocol.init 프로토콜 핸들러 ["http-nio-8080"]을(를) 초기화합니다.
11-May-2023 14:06:31.200 INFO [main] org.apache.catalina.startup.Catalina.load [492] 밀리초 내에 서버가 초기화되었습니다.
11-May-2023 14:06:31.247 INFO [main] org.apache.catalina.core.StandardService.startInternal 서비스 [Catalina]을(를) 시작합니다.
11-May-2023 14:06:31.263 INFO [main] org.apache.catalina.core.StandardEngine.startInternal 서버 엔진을 시작합니다: [Apache Tomcat/9.0.73]
11-May-2023 14:06:31.263 INFO [main] org.apache.catalina.startup.HostConfig.deployDirectory 웹 애플리케이션 디렉토리 [C:\Users\Administrator\Documents\풀스텍과정_홍성민\apache-tomcat-9.0.73\webapps\docs]을(를) 배치합니다.
11-May-2023 14:06:31.591 INFO [main] org.apache.catalina.startup.HostConfig.deployDirectory 웹 애플리케이션 디렉토리 [C:\Users\Administrator\Documents\풀스텍과정_홍성민\apache-tomcat-9.0.73\webapps\docs]에 대한 배치가 [313] 밀리초에 완료되었습니다.
11-May-2023 14:06:31.591 INFO [main] org.apache.catalina.startup.HostConfig.deployDirectory 웹 애플리케이션 디렉토리 [C:\Users\Administrator\Documents\풀스텍과정_홍성민\apache-tomcat-9.0.73\webapps\examples]을(를) 배치합니다.
11-May-2023 14:06:31.920 INFO [main] org.apache.catalina.startup.HostConfig.deployDirectory 웹 애플리케이션 디렉토리 [C:\Users\Administrator\Documents\풀스텍과정_홍성민\apache-tomcat-9.0.73\webapps\examples]에 대한 배치가 [329] 밀리초에 완료되었습니다.
11-May-2023 14:06:31.920 INFO [main] org.apache.catalina.startup.HostConfig.deployDirectory 웹 애플리케이션 디렉토리 [C:\Users\Administrator\Documents\풀스텍과정_홍성민\apache-tomcat-9.0.73\webapps\host-manager]을(를) 배치합니다.
11-May-2023 14:06:31.951 INFO [main] org.apache.catalina.startup.HostConfig.deployDirectory 웹 애플리케이션 디렉토리 [C:\Users\Administrator\Documents\풀스텍과정_홍성민\apache-tomcat-9.0.73\webapps\host-manager]에 대한 배치가 [31] 밀리초에 완료되었습니다.
11-May-2023 14:06:31.951 INFO [main] org.apache.catalina.startup.HostConfig.deployDirectory 웹 애플리케이션 디렉토리 [C:\Users\Administrator\Documents\풀스텍과정_홍성민\apache-tomcat-9.0.73\webapps\manager]을(를) 배치합니다.
11-May-2023 14:06:31.982 INFO [main] org.apache.catalina.startup.HostConfig.deployDirectory 웹 애플리케이션 디렉토리 [C:\Users\Administrator\Documents\풀스텍과정_홍성민\apache-tomcat-9.0.73\webapps\manager]에 대한 배치가 [31] 밀리초에 완료되었습니다.
11-May-2023 14:06:31.982 INFO [main] org.apache.catalina.startup.HostConfig.deployDirectory 웹 애플리케이션 디렉토리 [C:\Users\Administrator\Documents\풀스텍과정_홍성민\apache-tomcat-9.0.73\webapps\ROOT]을(를) 배치합니다.
11-May-2023 14:06:32.476 INFO [main] org.apache.jasper.servlet.TldScanner.scanJars 적어도 하나의 JAR가 TLD들을 찾기 위해 스캔되었으나 아무 것도 찾지 못했습니다. 스캔했으나 TLD가 없는 JAR들의 전체 목록을 보시려면, 로그 레벨을 디버그 레벨로 설정하십시오. 스캔 과정에서 불필요한 JAR들을 건너뛰면, 시스템 시작 시간과 JSP 컴파일 시간을 단축시킬 수 있습니다.
11-May-2023 14:06:32.523 INFO [main] org.apache.catalina.startup.HostConfig.deployDirectory 웹 애플리케이션 디렉토리 [C:\Users\Administrator\Documents\풀스텍과정_홍성민\apache-tomcat-9.0.73\webapps\ROOT]에 대한 배치가 [541] 밀리초에 완료되었습니다.
11-May-2023 14:06:32.539 INFO [main] org.apache.coyote.AbstractProtocol.start 프로토콜 핸들러 ["http-nio-8080"]을(를) 시작합니다.
11-May-2023 14:06:32.679 INFO [main] org.apache.catalina.startup.Catalina.start 서버가 [1475] 밀리초 내에 시작되었습니다.
