03-May-2023 10:31:29.881 INFO [main] org.apache.catalina.startup.VersionLoggerListener.log 서버 버전 이름:    Apache Tomcat/9.0.73
03-May-2023 10:31:29.881 INFO [main] org.apache.catalina.startup.VersionLoggerListener.log Server 빌드 시각:  Feb 27 2023 15:33:40 UTC
03-May-2023 10:31:29.881 INFO [main] org.apache.catalina.startup.VersionLoggerListener.log Server 버전 번호:  9.0.73.0
03-May-2023 10:31:29.881 INFO [main] org.apache.catalina.startup.VersionLoggerListener.log 운영체제 이름:     Windows 10
03-May-2023 10:31:29.881 INFO [main] org.apache.catalina.startup.VersionLoggerListener.log 운영체제 버전:     10.0
03-May-2023 10:31:29.881 INFO [main] org.apache.catalina.startup.VersionLoggerListener.log 아키텍처:          amd64
03-May-2023 10:31:29.881 INFO [main] org.apache.catalina.startup.VersionLoggerListener.log 자바 홈:           C:\Program Files\java\jdk-11
03-May-2023 10:31:29.881 INFO [main] org.apache.catalina.startup.VersionLoggerListener.log JVM 버전:          11+28
03-May-2023 10:31:29.881 INFO [main] org.apache.catalina.startup.VersionLoggerListener.log JVM 벤더:          Oracle Corporation
03-May-2023 10:31:29.881 INFO [main] org.apache.catalina.startup.VersionLoggerListener.log CATALINA_BASE:     C:\Users\Administrator\Documents\풀스텍과정_홍성민\apache-tomcat-9.0.73
03-May-2023 10:31:29.881 INFO [main] org.apache.catalina.startup.VersionLoggerListener.log CATALINA_HOME:     C:\Users\Administrator\Documents\풀스텍과정_홍성민\apache-tomcat-9.0.73
03-May-2023 10:31:29.897 INFO [main] org.apache.catalina.startup.VersionLoggerListener.log 명령 행 아규먼트:  --add-opens=java.base/java.lang=ALL-UNNAMED
03-May-2023 10:31:29.897 INFO [main] org.apache.catalina.startup.VersionLoggerListener.log 명령 행 아규먼트:  --add-opens=java.base/java.io=ALL-UNNAMED
03-May-2023 10:31:29.897 INFO [main] org.apache.catalina.startup.VersionLoggerListener.log 명령 행 아규먼트:  --add-opens=java.base/java.util=ALL-UNNAMED
03-May-2023 10:31:29.897 INFO [main] org.apache.catalina.startup.VersionLoggerListener.log 명령 행 아규먼트:  --add-opens=java.base/java.util.concurrent=ALL-UNNAMED
03-May-2023 10:31:29.897 INFO [main] org.apache.catalina.startup.VersionLoggerListener.log 명령 행 아규먼트:  --add-opens=java.rmi/sun.rmi.transport=ALL-UNNAMED
03-May-2023 10:31:29.897 INFO [main] org.apache.catalina.startup.VersionLoggerListener.log 명령 행 아규먼트:  -Djava.util.logging.config.file=C:\Users\Administrator\Documents\풀스텍과정_홍성민\apache-tomcat-9.0.73\conf\logging.properties
03-May-2023 10:31:29.897 INFO [main] org.apache.catalina.startup.VersionLoggerListener.log 명령 행 아규먼트:  -Djava.util.logging.manager=org.apache.juli.ClassLoaderLogManager
03-May-2023 10:31:29.897 INFO [main] org.apache.catalina.startup.VersionLoggerListener.log 명령 행 아규먼트:  -Djdk.tls.ephemeralDHKeySize=2048
03-May-2023 10:31:29.897 INFO [main] org.apache.catalina.startup.VersionLoggerListener.log 명령 행 아규먼트:  -Djava.protocol.handler.pkgs=org.apache.catalina.webresources
03-May-2023 10:31:29.912 INFO [main] org.apache.catalina.startup.VersionLoggerListener.log 명령 행 아규먼트:  -Dignore.endorsed.dirs=
03-May-2023 10:31:29.912 INFO [main] org.apache.catalina.startup.VersionLoggerListener.log 명령 행 아규먼트:  -Dcatalina.base=C:\Users\Administrator\Documents\풀스텍과정_홍성민\apache-tomcat-9.0.73
03-May-2023 10:31:29.912 INFO [main] org.apache.catalina.startup.VersionLoggerListener.log 명령 행 아규먼트:  -Dcatalina.home=C:\Users\Administrator\Documents\풀스텍과정_홍성민\apache-tomcat-9.0.73
03-May-2023 10:31:29.912 INFO [main] org.apache.catalina.startup.VersionLoggerListener.log 명령 행 아규먼트:  -Djava.io.tmpdir=C:\Users\Administrator\Documents\풀스텍과정_홍성민\apache-tomcat-9.0.73\temp
03-May-2023 10:31:29.912 INFO [main] org.apache.catalina.core.AprLifecycleListener.lifecycleEvent APR 버전 [1.7.2]을(를) 사용한, APR 기반 Apache Tomcat Native 라이브러리 [1.2.36]을(를) 로드했습니다.
03-May-2023 10:31:29.912 INFO [main] org.apache.catalina.core.AprLifecycleListener.lifecycleEvent APR 용량정보들: IPv6 [true], sendfile [true], accept filters [false], random [true], UDS [true].
03-May-2023 10:31:29.928 INFO [main] org.apache.catalina.core.AprLifecycleListener.lifecycleEvent APR/OpenSSL 설정: useAprConnector [false], useOpenSSL [true]
03-May-2023 10:31:29.944 INFO [main] org.apache.catalina.core.AprLifecycleListener.initializeSSL OpenSSL이 성공적으로 초기화되었습니다: [OpenSSL 1.1.1t  7 Feb 2023]
03-May-2023 10:31:30.211 INFO [main] org.apache.coyote.AbstractProtocol.init 프로토콜 핸들러 ["http-nio-8080"]을(를) 초기화합니다.
03-May-2023 10:31:30.242 INFO [main] org.apache.catalina.startup.Catalina.load [582] 밀리초 내에 서버가 초기화되었습니다.
03-May-2023 10:31:30.321 INFO [main] org.apache.catalina.core.StandardService.startInternal 서비스 [Catalina]을(를) 시작합니다.
03-May-2023 10:31:30.337 INFO [main] org.apache.catalina.core.StandardEngine.startInternal 서버 엔진을 시작합니다: [Apache Tomcat/9.0.73]
03-May-2023 10:31:30.353 INFO [main] org.apache.catalina.startup.HostConfig.deployDirectory 웹 애플리케이션 디렉토리 [C:\Users\Administrator\Documents\풀스텍과정_홍성민\apache-tomcat-9.0.73\webapps\docs]을(를) 배치합니다.
03-May-2023 10:31:30.784 INFO [main] org.apache.catalina.startup.HostConfig.deployDirectory 웹 애플리케이션 디렉토리 [C:\Users\Administrator\Documents\풀스텍과정_홍성민\apache-tomcat-9.0.73\webapps\docs]에 대한 배치가 [431] 밀리초에 완료되었습니다.
03-May-2023 10:31:30.784 INFO [main] org.apache.catalina.startup.HostConfig.deployDirectory 웹 애플리케이션 디렉토리 [C:\Users\Administrator\Documents\풀스텍과정_홍성민\apache-tomcat-9.0.73\webapps\examples]을(를) 배치합니다.
03-May-2023 10:31:31.143 INFO [main] org.apache.catalina.startup.HostConfig.deployDirectory 웹 애플리케이션 디렉토리 [C:\Users\Administrator\Documents\풀스텍과정_홍성민\apache-tomcat-9.0.73\webapps\examples]에 대한 배치가 [359] 밀리초에 완료되었습니다.
03-May-2023 10:31:31.143 INFO [main] org.apache.catalina.startup.HostConfig.deployDirectory 웹 애플리케이션 디렉토리 [C:\Users\Administrator\Documents\풀스텍과정_홍성민\apache-tomcat-9.0.73\webapps\host-manager]을(를) 배치합니다.
03-May-2023 10:31:31.206 INFO [main] org.apache.catalina.startup.HostConfig.deployDirectory 웹 애플리케이션 디렉토리 [C:\Users\Administrator\Documents\풀스텍과정_홍성민\apache-tomcat-9.0.73\webapps\host-manager]에 대한 배치가 [63] 밀리초에 완료되었습니다.
03-May-2023 10:31:31.206 INFO [main] org.apache.catalina.startup.HostConfig.deployDirectory 웹 애플리케이션 디렉토리 [C:\Users\Administrator\Documents\풀스텍과정_홍성민\apache-tomcat-9.0.73\webapps\manager]을(를) 배치합니다.
03-May-2023 10:31:31.221 INFO [main] org.apache.catalina.startup.HostConfig.deployDirectory 웹 애플리케이션 디렉토리 [C:\Users\Administrator\Documents\풀스텍과정_홍성민\apache-tomcat-9.0.73\webapps\manager]에 대한 배치가 [15] 밀리초에 완료되었습니다.
03-May-2023 10:31:31.221 INFO [main] org.apache.catalina.startup.HostConfig.deployDirectory 웹 애플리케이션 디렉토리 [C:\Users\Administrator\Documents\풀스텍과정_홍성민\apache-tomcat-9.0.73\webapps\ROOT]을(를) 배치합니다.
03-May-2023 10:31:31.768 INFO [main] org.apache.jasper.servlet.TldScanner.scanJars 적어도 하나의 JAR가 TLD들을 찾기 위해 스캔되었으나 아무 것도 찾지 못했습니다. 스캔했으나 TLD가 없는 JAR들의 전체 목록을 보시려면, 로그 레벨을 디버그 레벨로 설정하십시오. 스캔 과정에서 불필요한 JAR들을 건너뛰면, 시스템 시작 시간과 JSP 컴파일 시간을 단축시킬 수 있습니다.
03-May-2023 10:31:31.799 INFO [main] org.apache.catalina.startup.HostConfig.deployDirectory 웹 애플리케이션 디렉토리 [C:\Users\Administrator\Documents\풀스텍과정_홍성민\apache-tomcat-9.0.73\webapps\ROOT]에 대한 배치가 [578] 밀리초에 완료되었습니다.
03-May-2023 10:31:31.799 INFO [main] org.apache.coyote.AbstractProtocol.start 프로토콜 핸들러 ["http-nio-8080"]을(를) 시작합니다.
03-May-2023 10:31:31.862 INFO [main] org.apache.catalina.startup.Catalina.start 서버가 [1621] 밀리초 내에 시작되었습니다.
03-May-2023 12:10:56.703 INFO [main] org.apache.catalina.startup.VersionLoggerListener.log 서버 버전 이름:    Apache Tomcat/9.0.73
03-May-2023 12:10:56.703 INFO [main] org.apache.catalina.startup.VersionLoggerListener.log Server 빌드 시각:  Feb 27 2023 15:33:40 UTC
03-May-2023 12:10:56.703 INFO [main] org.apache.catalina.startup.VersionLoggerListener.log Server 버전 번호:  9.0.73.0
03-May-2023 12:10:56.703 INFO [main] org.apache.catalina.startup.VersionLoggerListener.log 운영체제 이름:     Windows 10
03-May-2023 12:10:56.703 INFO [main] org.apache.catalina.startup.VersionLoggerListener.log 운영체제 버전:     10.0
03-May-2023 12:10:56.703 INFO [main] org.apache.catalina.startup.VersionLoggerListener.log 아키텍처:          amd64
03-May-2023 12:10:56.703 INFO [main] org.apache.catalina.startup.VersionLoggerListener.log 자바 홈:           C:\Program Files\java\jdk-11
03-May-2023 12:10:56.703 INFO [main] org.apache.catalina.startup.VersionLoggerListener.log JVM 버전:          11+28
03-May-2023 12:10:56.719 INFO [main] org.apache.catalina.startup.VersionLoggerListener.log JVM 벤더:          Oracle Corporation
03-May-2023 12:10:56.719 INFO [main] org.apache.catalina.startup.VersionLoggerListener.log CATALINA_BASE:     C:\Users\Administrator\Documents\풀스텍과정_홍성민\apache-tomcat-9.0.73
03-May-2023 12:10:56.719 INFO [main] org.apache.catalina.startup.VersionLoggerListener.log CATALINA_HOME:     C:\Users\Administrator\Documents\풀스텍과정_홍성민\apache-tomcat-9.0.73
03-May-2023 12:10:56.719 INFO [main] org.apache.catalina.startup.VersionLoggerListener.log 명령 행 아규먼트:  --add-opens=java.base/java.lang=ALL-UNNAMED
03-May-2023 12:10:56.719 INFO [main] org.apache.catalina.startup.VersionLoggerListener.log 명령 행 아규먼트:  --add-opens=java.base/java.io=ALL-UNNAMED
03-May-2023 12:10:56.719 INFO [main] org.apache.catalina.startup.VersionLoggerListener.log 명령 행 아규먼트:  --add-opens=java.base/java.util=ALL-UNNAMED
03-May-2023 12:10:56.719 INFO [main] org.apache.catalina.startup.VersionLoggerListener.log 명령 행 아규먼트:  --add-opens=java.base/java.util.concurrent=ALL-UNNAMED
03-May-2023 12:10:56.719 INFO [main] org.apache.catalina.startup.VersionLoggerListener.log 명령 행 아규먼트:  --add-opens=java.rmi/sun.rmi.transport=ALL-UNNAMED
03-May-2023 12:10:56.719 INFO [main] org.apache.catalina.startup.VersionLoggerListener.log 명령 행 아규먼트:  -Djava.util.logging.config.file=C:\Users\Administrator\Documents\풀스텍과정_홍성민\apache-tomcat-9.0.73\conf\logging.properties
03-May-2023 12:10:56.735 INFO [main] org.apache.catalina.startup.VersionLoggerListener.log 명령 행 아규먼트:  -Djava.util.logging.manager=org.apache.juli.ClassLoaderLogManager
03-May-2023 12:10:56.735 INFO [main] org.apache.catalina.startup.VersionLoggerListener.log 명령 행 아규먼트:  -Djdk.tls.ephemeralDHKeySize=2048
03-May-2023 12:10:56.735 INFO [main] org.apache.catalina.startup.VersionLoggerListener.log 명령 행 아규먼트:  -Djava.protocol.handler.pkgs=org.apache.catalina.webresources
03-May-2023 12:10:56.735 INFO [main] org.apache.catalina.startup.VersionLoggerListener.log 명령 행 아규먼트:  -Dignore.endorsed.dirs=
03-May-2023 12:10:56.735 INFO [main] org.apache.catalina.startup.VersionLoggerListener.log 명령 행 아규먼트:  -Dcatalina.base=C:\Users\Administrator\Documents\풀스텍과정_홍성민\apache-tomcat-9.0.73
03-May-2023 12:10:56.735 INFO [main] org.apache.catalina.startup.VersionLoggerListener.log 명령 행 아규먼트:  -Dcatalina.home=C:\Users\Administrator\Documents\풀스텍과정_홍성민\apache-tomcat-9.0.73
03-May-2023 12:10:56.735 INFO [main] org.apache.catalina.startup.VersionLoggerListener.log 명령 행 아규먼트:  -Djava.io.tmpdir=C:\Users\Administrator\Documents\풀스텍과정_홍성민\apache-tomcat-9.0.73\temp
03-May-2023 12:10:56.735 INFO [main] org.apache.catalina.core.AprLifecycleListener.lifecycleEvent APR 버전 [1.7.2]을(를) 사용한, APR 기반 Apache Tomcat Native 라이브러리 [1.2.36]을(를) 로드했습니다.
03-May-2023 12:10:56.735 INFO [main] org.apache.catalina.core.AprLifecycleListener.lifecycleEvent APR 용량정보들: IPv6 [true], sendfile [true], accept filters [false], random [true], UDS [true].
03-May-2023 12:10:56.735 INFO [main] org.apache.catalina.core.AprLifecycleListener.lifecycleEvent APR/OpenSSL 설정: useAprConnector [false], useOpenSSL [true]
03-May-2023 12:10:56.735 INFO [main] org.apache.catalina.core.AprLifecycleListener.initializeSSL OpenSSL이 성공적으로 초기화되었습니다: [OpenSSL 1.1.1t  7 Feb 2023]
03-May-2023 12:10:57.000 INFO [main] org.apache.coyote.AbstractProtocol.init 프로토콜 핸들러 ["http-nio-8080"]을(를) 초기화합니다.
03-May-2023 12:10:57.016 INFO [main] org.apache.catalina.startup.Catalina.load [515] 밀리초 내에 서버가 초기화되었습니다.
03-May-2023 12:10:57.063 INFO [main] org.apache.catalina.core.StandardService.startInternal 서비스 [Catalina]을(를) 시작합니다.
03-May-2023 12:10:57.063 INFO [main] org.apache.catalina.core.StandardEngine.startInternal 서버 엔진을 시작합니다: [Apache Tomcat/9.0.73]
03-May-2023 12:10:57.078 INFO [main] org.apache.catalina.startup.HostConfig.deployDirectory 웹 애플리케이션 디렉토리 [C:\Users\Administrator\Documents\풀스텍과정_홍성민\apache-tomcat-9.0.73\webapps\docs]을(를) 배치합니다.
03-May-2023 12:10:57.438 INFO [main] org.apache.catalina.startup.HostConfig.deployDirectory 웹 애플리케이션 디렉토리 [C:\Users\Administrator\Documents\풀스텍과정_홍성민\apache-tomcat-9.0.73\webapps\docs]에 대한 배치가 [360] 밀리초에 완료되었습니다.
03-May-2023 12:10:57.438 INFO [main] org.apache.catalina.startup.HostConfig.deployDirectory 웹 애플리케이션 디렉토리 [C:\Users\Administrator\Documents\풀스텍과정_홍성민\apache-tomcat-9.0.73\webapps\examples]을(를) 배치합니다.
03-May-2023 12:10:57.766 INFO [main] org.apache.catalina.startup.HostConfig.deployDirectory 웹 애플리케이션 디렉토리 [C:\Users\Administrator\Documents\풀스텍과정_홍성민\apache-tomcat-9.0.73\webapps\examples]에 대한 배치가 [328] 밀리초에 완료되었습니다.
03-May-2023 12:10:57.766 INFO [main] org.apache.catalina.startup.HostConfig.deployDirectory 웹 애플리케이션 디렉토리 [C:\Users\Administrator\Documents\풀스텍과정_홍성민\apache-tomcat-9.0.73\webapps\host-manager]을(를) 배치합니다.
03-May-2023 12:10:57.797 INFO [main] org.apache.catalina.startup.HostConfig.deployDirectory 웹 애플리케이션 디렉토리 [C:\Users\Administrator\Documents\풀스텍과정_홍성민\apache-tomcat-9.0.73\webapps\host-manager]에 대한 배치가 [31] 밀리초에 완료되었습니다.
03-May-2023 12:10:57.797 INFO [main] org.apache.catalina.startup.HostConfig.deployDirectory 웹 애플리케이션 디렉토리 [C:\Users\Administrator\Documents\풀스텍과정_홍성민\apache-tomcat-9.0.73\webapps\manager]을(를) 배치합니다.
03-May-2023 12:10:57.828 INFO [main] org.apache.catalina.startup.HostConfig.deployDirectory 웹 애플리케이션 디렉토리 [C:\Users\Administrator\Documents\풀스텍과정_홍성민\apache-tomcat-9.0.73\webapps\manager]에 대한 배치가 [31] 밀리초에 완료되었습니다.
03-May-2023 12:10:57.828 INFO [main] org.apache.catalina.startup.HostConfig.deployDirectory 웹 애플리케이션 디렉토리 [C:\Users\Administrator\Documents\풀스텍과정_홍성민\apache-tomcat-9.0.73\webapps\ROOT]을(를) 배치합니다.
03-May-2023 12:10:58.298 INFO [main] org.apache.jasper.servlet.TldScanner.scanJars 적어도 하나의 JAR가 TLD들을 찾기 위해 스캔되었으나 아무 것도 찾지 못했습니다. 스캔했으나 TLD가 없는 JAR들의 전체 목록을 보시려면, 로그 레벨을 디버그 레벨로 설정하십시오. 스캔 과정에서 불필요한 JAR들을 건너뛰면, 시스템 시작 시간과 JSP 컴파일 시간을 단축시킬 수 있습니다.
03-May-2023 12:10:58.314 INFO [main] org.apache.catalina.startup.HostConfig.deployDirectory 웹 애플리케이션 디렉토리 [C:\Users\Administrator\Documents\풀스텍과정_홍성민\apache-tomcat-9.0.73\webapps\ROOT]에 대한 배치가 [486] 밀리초에 완료되었습니다.
03-May-2023 12:10:58.329 INFO [main] org.apache.coyote.AbstractProtocol.start 프로토콜 핸들러 ["http-nio-8080"]을(를) 시작합니다.
03-May-2023 12:10:58.392 INFO [main] org.apache.catalina.startup.Catalina.start 서버가 [1362] 밀리초 내에 시작되었습니다.
