18-Apr-2023 13:42:39.480 INFO [main] org.apache.catalina.startup.VersionLoggerListener.log 서버 버전 이름:    Apache Tomcat/9.0.73
18-Apr-2023 13:42:39.485 INFO [main] org.apache.catalina.startup.VersionLoggerListener.log Server 빌드 시각:  Feb 27 2023 15:33:40 UTC
18-Apr-2023 13:42:39.485 INFO [main] org.apache.catalina.startup.VersionLoggerListener.log Server 버전 번호:  9.0.73.0
18-Apr-2023 13:42:39.485 INFO [main] org.apache.catalina.startup.VersionLoggerListener.log 운영체제 이름:     Windows 10
18-Apr-2023 13:42:39.486 INFO [main] org.apache.catalina.startup.VersionLoggerListener.log 운영체제 버전:     10.0
18-Apr-2023 13:42:39.486 INFO [main] org.apache.catalina.startup.VersionLoggerListener.log 아키텍처:          amd64
18-Apr-2023 13:42:39.486 INFO [main] org.apache.catalina.startup.VersionLoggerListener.log 자바 홈:           C:\Program Files\java\jdk-11
18-Apr-2023 13:42:39.487 INFO [main] org.apache.catalina.startup.VersionLoggerListener.log JVM 버전:          11+28
18-Apr-2023 13:42:39.488 INFO [main] org.apache.catalina.startup.VersionLoggerListener.log JVM 벤더:          Oracle Corporation
18-Apr-2023 13:42:39.488 INFO [main] org.apache.catalina.startup.VersionLoggerListener.log CATALINA_BASE:     C:\Users\Administrator\Documents\풀스텍과정_홍성민\4월\apache-tomcat-9.0.73
18-Apr-2023 13:42:39.488 INFO [main] org.apache.catalina.startup.VersionLoggerListener.log CATALINA_HOME:     C:\Users\Administrator\Documents\풀스텍과정_홍성민\4월\apache-tomcat-9.0.73
18-Apr-2023 13:42:39.500 INFO [main] org.apache.catalina.startup.VersionLoggerListener.log 명령 행 아규먼트:  --add-opens=java.base/java.lang=ALL-UNNAMED
18-Apr-2023 13:42:39.506 INFO [main] org.apache.catalina.startup.VersionLoggerListener.log 명령 행 아규먼트:  --add-opens=java.base/java.io=ALL-UNNAMED
18-Apr-2023 13:42:39.507 INFO [main] org.apache.catalina.startup.VersionLoggerListener.log 명령 행 아규먼트:  --add-opens=java.base/java.util=ALL-UNNAMED
18-Apr-2023 13:42:39.507 INFO [main] org.apache.catalina.startup.VersionLoggerListener.log 명령 행 아규먼트:  --add-opens=java.base/java.util.concurrent=ALL-UNNAMED
18-Apr-2023 13:42:39.508 INFO [main] org.apache.catalina.startup.VersionLoggerListener.log 명령 행 아규먼트:  --add-opens=java.rmi/sun.rmi.transport=ALL-UNNAMED
18-Apr-2023 13:42:39.508 INFO [main] org.apache.catalina.startup.VersionLoggerListener.log 명령 행 아규먼트:  -Djava.util.logging.config.file=C:\Users\Administrator\Documents\풀스텍과정_홍성민\4월\apache-tomcat-9.0.73\conf\logging.properties
18-Apr-2023 13:42:39.508 INFO [main] org.apache.catalina.startup.VersionLoggerListener.log 명령 행 아규먼트:  -Djava.util.logging.manager=org.apache.juli.ClassLoaderLogManager
18-Apr-2023 13:42:39.509 INFO [main] org.apache.catalina.startup.VersionLoggerListener.log 명령 행 아규먼트:  -Djdk.tls.ephemeralDHKeySize=2048
18-Apr-2023 13:42:39.509 INFO [main] org.apache.catalina.startup.VersionLoggerListener.log 명령 행 아규먼트:  -Djava.protocol.handler.pkgs=org.apache.catalina.webresources
18-Apr-2023 13:42:39.510 INFO [main] org.apache.catalina.startup.VersionLoggerListener.log 명령 행 아규먼트:  -Dignore.endorsed.dirs=
18-Apr-2023 13:42:39.510 INFO [main] org.apache.catalina.startup.VersionLoggerListener.log 명령 행 아규먼트:  -Dcatalina.base=C:\Users\Administrator\Documents\풀스텍과정_홍성민\4월\apache-tomcat-9.0.73
18-Apr-2023 13:42:39.510 INFO [main] org.apache.catalina.startup.VersionLoggerListener.log 명령 행 아규먼트:  -Dcatalina.home=C:\Users\Administrator\Documents\풀스텍과정_홍성민\4월\apache-tomcat-9.0.73
18-Apr-2023 13:42:39.511 INFO [main] org.apache.catalina.startup.VersionLoggerListener.log 명령 행 아규먼트:  -Djava.io.tmpdir=C:\Users\Administrator\Documents\풀스텍과정_홍성민\4월\apache-tomcat-9.0.73\temp
18-Apr-2023 13:42:39.519 INFO [main] org.apache.catalina.core.AprLifecycleListener.lifecycleEvent APR 버전 [1.7.2]을(를) 사용한, APR 기반 Apache Tomcat Native 라이브러리 [1.2.36]을(를) 로드했습니다.
18-Apr-2023 13:42:39.520 INFO [main] org.apache.catalina.core.AprLifecycleListener.lifecycleEvent APR 용량정보들: IPv6 [true], sendfile [true], accept filters [false], random [true], UDS [true].
18-Apr-2023 13:42:39.521 INFO [main] org.apache.catalina.core.AprLifecycleListener.lifecycleEvent APR/OpenSSL 설정: useAprConnector [false], useOpenSSL [true]
18-Apr-2023 13:42:39.541 INFO [main] org.apache.catalina.core.AprLifecycleListener.initializeSSL OpenSSL이 성공적으로 초기화되었습니다: [OpenSSL 1.1.1t  7 Feb 2023]
18-Apr-2023 13:42:39.808 INFO [main] org.apache.coyote.AbstractProtocol.init 프로토콜 핸들러 ["http-nio-8080"]을(를) 초기화합니다.
18-Apr-2023 13:42:39.831 INFO [main] org.apache.catalina.startup.Catalina.load [584] 밀리초 내에 서버가 초기화되었습니다.
18-Apr-2023 13:42:39.884 INFO [main] org.apache.catalina.core.StandardService.startInternal 서비스 [Catalina]을(를) 시작합니다.
18-Apr-2023 13:42:39.885 INFO [main] org.apache.catalina.core.StandardEngine.startInternal 서버 엔진을 시작합니다: [Apache Tomcat/9.0.73]
18-Apr-2023 13:42:39.896 INFO [main] org.apache.catalina.startup.HostConfig.deployDirectory 웹 애플리케이션 디렉토리 [C:\Users\Administrator\Documents\풀스텍과정_홍성민\4월\apache-tomcat-9.0.73\webapps\docs]을(를) 배치합니다.
18-Apr-2023 13:42:40.253 INFO [main] org.apache.catalina.startup.HostConfig.deployDirectory 웹 애플리케이션 디렉토리 [C:\Users\Administrator\Documents\풀스텍과정_홍성민\4월\apache-tomcat-9.0.73\webapps\docs]에 대한 배치가 [355] 밀리초에 완료되었습니다.
18-Apr-2023 13:42:40.257 INFO [main] org.apache.catalina.startup.HostConfig.deployDirectory 웹 애플리케이션 디렉토리 [C:\Users\Administrator\Documents\풀스텍과정_홍성민\4월\apache-tomcat-9.0.73\webapps\examples]을(를) 배치합니다.
18-Apr-2023 13:42:40.649 INFO [main] org.apache.catalina.startup.HostConfig.deployDirectory 웹 애플리케이션 디렉토리 [C:\Users\Administrator\Documents\풀스텍과정_홍성민\4월\apache-tomcat-9.0.73\webapps\examples]에 대한 배치가 [392] 밀리초에 완료되었습니다.
18-Apr-2023 13:42:40.650 INFO [main] org.apache.catalina.startup.HostConfig.deployDirectory 웹 애플리케이션 디렉토리 [C:\Users\Administrator\Documents\풀스텍과정_홍성민\4월\apache-tomcat-9.0.73\webapps\host-manager]을(를) 배치합니다.
18-Apr-2023 13:42:40.698 INFO [main] org.apache.catalina.startup.HostConfig.deployDirectory 웹 애플리케이션 디렉토리 [C:\Users\Administrator\Documents\풀스텍과정_홍성민\4월\apache-tomcat-9.0.73\webapps\host-manager]에 대한 배치가 [47] 밀리초에 완료되었습니다.
18-Apr-2023 13:42:40.700 INFO [main] org.apache.catalina.startup.HostConfig.deployDirectory 웹 애플리케이션 디렉토리 [C:\Users\Administrator\Documents\풀스텍과정_홍성민\4월\apache-tomcat-9.0.73\webapps\manager]을(를) 배치합니다.
18-Apr-2023 13:42:40.739 INFO [main] org.apache.catalina.startup.HostConfig.deployDirectory 웹 애플리케이션 디렉토리 [C:\Users\Administrator\Documents\풀스텍과정_홍성민\4월\apache-tomcat-9.0.73\webapps\manager]에 대한 배치가 [39] 밀리초에 완료되었습니다.
18-Apr-2023 13:42:40.741 INFO [main] org.apache.catalina.startup.HostConfig.deployDirectory 웹 애플리케이션 디렉토리 [C:\Users\Administrator\Documents\풀스텍과정_홍성민\4월\apache-tomcat-9.0.73\webapps\ROOT]을(를) 배치합니다.
18-Apr-2023 13:42:40.767 INFO [main] org.apache.catalina.startup.HostConfig.deployDirectory 웹 애플리케이션 디렉토리 [C:\Users\Administrator\Documents\풀스텍과정_홍성민\4월\apache-tomcat-9.0.73\webapps\ROOT]에 대한 배치가 [26] 밀리초에 완료되었습니다.
18-Apr-2023 13:42:40.772 INFO [main] org.apache.coyote.AbstractProtocol.start 프로토콜 핸들러 ["http-nio-8080"]을(를) 시작합니다.
18-Apr-2023 13:42:40.831 INFO [main] org.apache.catalina.startup.Catalina.start 서버가 [998] 밀리초 내에 시작되었습니다.
18-Apr-2023 17:48:22.210 INFO [main] org.apache.catalina.startup.VersionLoggerListener.log 서버 버전 이름:    Apache Tomcat/9.0.73
18-Apr-2023 17:48:22.213 INFO [main] org.apache.catalina.startup.VersionLoggerListener.log Server 빌드 시각:  Feb 27 2023 15:33:40 UTC
18-Apr-2023 17:48:22.213 INFO [main] org.apache.catalina.startup.VersionLoggerListener.log Server 버전 번호:  9.0.73.0
18-Apr-2023 17:48:22.214 INFO [main] org.apache.catalina.startup.VersionLoggerListener.log 운영체제 이름:     Windows 10
18-Apr-2023 17:48:22.214 INFO [main] org.apache.catalina.startup.VersionLoggerListener.log 운영체제 버전:     10.0
18-Apr-2023 17:48:22.214 INFO [main] org.apache.catalina.startup.VersionLoggerListener.log 아키텍처:          amd64
18-Apr-2023 17:48:22.214 INFO [main] org.apache.catalina.startup.VersionLoggerListener.log 자바 홈:           C:\Program Files\java\jdk-11
18-Apr-2023 17:48:22.214 INFO [main] org.apache.catalina.startup.VersionLoggerListener.log JVM 버전:          11+28
18-Apr-2023 17:48:22.215 INFO [main] org.apache.catalina.startup.VersionLoggerListener.log JVM 벤더:          Oracle Corporation
18-Apr-2023 17:48:22.215 INFO [main] org.apache.catalina.startup.VersionLoggerListener.log CATALINA_BASE:     C:\Users\Administrator\Documents\풀스텍과정_홍성민\4월\apache-tomcat-9.0.73
18-Apr-2023 17:48:22.215 INFO [main] org.apache.catalina.startup.VersionLoggerListener.log CATALINA_HOME:     C:\Users\Administrator\Documents\풀스텍과정_홍성민\4월\apache-tomcat-9.0.73
18-Apr-2023 17:48:22.224 INFO [main] org.apache.catalina.startup.VersionLoggerListener.log 명령 행 아규먼트:  --add-opens=java.base/java.lang=ALL-UNNAMED
18-Apr-2023 17:48:22.226 INFO [main] org.apache.catalina.startup.VersionLoggerListener.log 명령 행 아규먼트:  --add-opens=java.base/java.io=ALL-UNNAMED
18-Apr-2023 17:48:22.227 INFO [main] org.apache.catalina.startup.VersionLoggerListener.log 명령 행 아규먼트:  --add-opens=java.base/java.util=ALL-UNNAMED
18-Apr-2023 17:48:22.228 INFO [main] org.apache.catalina.startup.VersionLoggerListener.log 명령 행 아규먼트:  --add-opens=java.base/java.util.concurrent=ALL-UNNAMED
18-Apr-2023 17:48:22.229 INFO [main] org.apache.catalina.startup.VersionLoggerListener.log 명령 행 아규먼트:  --add-opens=java.rmi/sun.rmi.transport=ALL-UNNAMED
18-Apr-2023 17:48:22.229 INFO [main] org.apache.catalina.startup.VersionLoggerListener.log 명령 행 아규먼트:  -Djava.util.logging.config.file=C:\Users\Administrator\Documents\풀스텍과정_홍성민\4월\apache-tomcat-9.0.73\conf\logging.properties
18-Apr-2023 17:48:22.230 INFO [main] org.apache.catalina.startup.VersionLoggerListener.log 명령 행 아규먼트:  -Djava.util.logging.manager=org.apache.juli.ClassLoaderLogManager
18-Apr-2023 17:48:22.230 INFO [main] org.apache.catalina.startup.VersionLoggerListener.log 명령 행 아규먼트:  -Djdk.tls.ephemeralDHKeySize=2048
18-Apr-2023 17:48:22.230 INFO [main] org.apache.catalina.startup.VersionLoggerListener.log 명령 행 아규먼트:  -Djava.protocol.handler.pkgs=org.apache.catalina.webresources
18-Apr-2023 17:48:22.231 INFO [main] org.apache.catalina.startup.VersionLoggerListener.log 명령 행 아규먼트:  -Dignore.endorsed.dirs=
18-Apr-2023 17:48:22.231 INFO [main] org.apache.catalina.startup.VersionLoggerListener.log 명령 행 아규먼트:  -Dcatalina.base=C:\Users\Administrator\Documents\풀스텍과정_홍성민\4월\apache-tomcat-9.0.73
18-Apr-2023 17:48:22.232 INFO [main] org.apache.catalina.startup.VersionLoggerListener.log 명령 행 아규먼트:  -Dcatalina.home=C:\Users\Administrator\Documents\풀스텍과정_홍성민\4월\apache-tomcat-9.0.73
18-Apr-2023 17:48:22.232 INFO [main] org.apache.catalina.startup.VersionLoggerListener.log 명령 행 아규먼트:  -Djava.io.tmpdir=C:\Users\Administrator\Documents\풀스텍과정_홍성민\4월\apache-tomcat-9.0.73\temp
18-Apr-2023 17:48:22.236 INFO [main] org.apache.catalina.core.AprLifecycleListener.lifecycleEvent APR 버전 [1.7.2]을(를) 사용한, APR 기반 Apache Tomcat Native 라이브러리 [1.2.36]을(를) 로드했습니다.
18-Apr-2023 17:48:22.236 INFO [main] org.apache.catalina.core.AprLifecycleListener.lifecycleEvent APR 용량정보들: IPv6 [true], sendfile [true], accept filters [false], random [true], UDS [true].
18-Apr-2023 17:48:22.237 INFO [main] org.apache.catalina.core.AprLifecycleListener.lifecycleEvent APR/OpenSSL 설정: useAprConnector [false], useOpenSSL [true]
18-Apr-2023 17:48:22.241 INFO [main] org.apache.catalina.core.AprLifecycleListener.initializeSSL OpenSSL이 성공적으로 초기화되었습니다: [OpenSSL 1.1.1t  7 Feb 2023]
18-Apr-2023 17:48:22.501 INFO [main] org.apache.coyote.AbstractProtocol.init 프로토콜 핸들러 ["http-nio-8080"]을(를) 초기화합니다.
18-Apr-2023 17:48:22.523 INFO [main] org.apache.catalina.startup.Catalina.load [518] 밀리초 내에 서버가 초기화되었습니다.
18-Apr-2023 17:48:22.572 INFO [main] org.apache.catalina.core.StandardService.startInternal 서비스 [Catalina]을(를) 시작합니다.
18-Apr-2023 17:48:22.574 INFO [main] org.apache.catalina.core.StandardEngine.startInternal 서버 엔진을 시작합니다: [Apache Tomcat/9.0.73]
18-Apr-2023 17:48:22.582 INFO [main] org.apache.catalina.startup.HostConfig.deployDirectory 웹 애플리케이션 디렉토리 [C:\Users\Administrator\Documents\풀스텍과정_홍성민\4월\apache-tomcat-9.0.73\webapps\docs]을(를) 배치합니다.
18-Apr-2023 17:48:22.919 INFO [main] org.apache.catalina.startup.HostConfig.deployDirectory 웹 애플리케이션 디렉토리 [C:\Users\Administrator\Documents\풀스텍과정_홍성민\4월\apache-tomcat-9.0.73\webapps\docs]에 대한 배치가 [335] 밀리초에 완료되었습니다.
18-Apr-2023 17:48:22.921 INFO [main] org.apache.catalina.startup.HostConfig.deployDirectory 웹 애플리케이션 디렉토리 [C:\Users\Administrator\Documents\풀스텍과정_홍성민\4월\apache-tomcat-9.0.73\webapps\examples]을(를) 배치합니다.
18-Apr-2023 17:48:23.218 INFO [main] org.apache.catalina.startup.HostConfig.deployDirectory 웹 애플리케이션 디렉토리 [C:\Users\Administrator\Documents\풀스텍과정_홍성민\4월\apache-tomcat-9.0.73\webapps\examples]에 대한 배치가 [297] 밀리초에 완료되었습니다.
18-Apr-2023 17:48:23.220 INFO [main] org.apache.catalina.startup.HostConfig.deployDirectory 웹 애플리케이션 디렉토리 [C:\Users\Administrator\Documents\풀스텍과정_홍성민\4월\apache-tomcat-9.0.73\webapps\host-manager]을(를) 배치합니다.
18-Apr-2023 17:48:23.256 INFO [main] org.apache.catalina.startup.HostConfig.deployDirectory 웹 애플리케이션 디렉토리 [C:\Users\Administrator\Documents\풀스텍과정_홍성민\4월\apache-tomcat-9.0.73\webapps\host-manager]에 대한 배치가 [36] 밀리초에 완료되었습니다.
18-Apr-2023 17:48:23.257 INFO [main] org.apache.catalina.startup.HostConfig.deployDirectory 웹 애플리케이션 디렉토리 [C:\Users\Administrator\Documents\풀스텍과정_홍성민\4월\apache-tomcat-9.0.73\webapps\manager]을(를) 배치합니다.
18-Apr-2023 17:48:23.289 INFO [main] org.apache.catalina.startup.HostConfig.deployDirectory 웹 애플리케이션 디렉토리 [C:\Users\Administrator\Documents\풀스텍과정_홍성민\4월\apache-tomcat-9.0.73\webapps\manager]에 대한 배치가 [32] 밀리초에 완료되었습니다.
18-Apr-2023 17:48:23.291 INFO [main] org.apache.catalina.startup.HostConfig.deployDirectory 웹 애플리케이션 디렉토리 [C:\Users\Administrator\Documents\풀스텍과정_홍성민\4월\apache-tomcat-9.0.73\webapps\ROOT]을(를) 배치합니다.
18-Apr-2023 17:48:23.819 INFO [main] org.apache.jasper.servlet.TldScanner.scanJars 적어도 하나의 JAR가 TLD들을 찾기 위해 스캔되었으나 아무 것도 찾지 못했습니다. 스캔했으나 TLD가 없는 JAR들의 전체 목록을 보시려면, 로그 레벨을 디버그 레벨로 설정하십시오. 스캔 과정에서 불필요한 JAR들을 건너뛰면, 시스템 시작 시간과 JSP 컴파일 시간을 단축시킬 수 있습니다.
18-Apr-2023 17:48:23.852 INFO [main] org.apache.catalina.startup.HostConfig.deployDirectory 웹 애플리케이션 디렉토리 [C:\Users\Administrator\Documents\풀스텍과정_홍성민\4월\apache-tomcat-9.0.73\webapps\ROOT]에 대한 배치가 [561] 밀리초에 완료되었습니다.
18-Apr-2023 17:48:23.857 INFO [main] org.apache.coyote.AbstractProtocol.start 프로토콜 핸들러 ["http-nio-8080"]을(를) 시작합니다.
18-Apr-2023 17:48:23.916 INFO [main] org.apache.catalina.startup.Catalina.start 서버가 [1391] 밀리초 내에 시작되었습니다.
